        -:    0:Source:output/instrumented_array_2-1-simple.i
        -:    0:Graph:output/a-harness.gcno
        -:    0:Data:output/a-harness.gcda
        -:    0:Runs:1
        -:    1:#ifdef GCOV
        -:    2:extern void __gcov_dump(void);
        -:    3:#endif
        -:    4:extern void abort(void);
        -:    5:
        -:    6:extern void __assert_fail (const char *__assertion, const char *__file,
        -:    7:      unsigned int __line, const char *__function)
        -:    8:     __attribute__ ((__nothrow__ , __leaf__)) __attribute__ ((__noreturn__));
        -:    9:extern void __assert_perror_fail (int __errnum, const char *__file,
        -:   10:      unsigned int __line, const char *__function)
        -:   11:     __attribute__ ((__nothrow__ , __leaf__)) __attribute__ ((__noreturn__));
        -:   12:extern void __assert (const char *__assertion, const char *__file, int __line)
        -:   13:     __attribute__ ((__nothrow__ , __leaf__)) __attribute__ ((__noreturn__));
        -:   14:
function reach_error called 1 returned 0% blocks executed 100%
        1:   15:void reach_error() { ((void) sizeof ((0) ? ({
        -:   16:goto Goal_1;
        -:   17:Goal_1:;
        -:   18:1;}) : ({
        -:   19:goto Goal_2;
        -:   20:Goal_2:;
        -:   21:0;})), __extension__ ({ if (0) {
        -:   22:goto Goal_3;
        -:   23:Goal_3:;
        -:   24: ; } else {
        1:   25:goto Goal_4;
        1:   26:Goal_4:;
        -:   27:
        -:   28:#ifdef GCOV
        1:   29: __gcov_dump();
call    0 returned 0
        -:   30: #endif
    #####:   31: __assert_fail ("0", "array_2-1.c", 3, __extension__ __PRETTY_FUNCTION__); 
        -:   32:}})); }
function __VERIFIER_assert called 1 returned 0% blocks executed 56%
        1:   33:void __VERIFIER_assert(int cond) {
        1:   34:  if (!(cond)) {
branch  0 taken 1 (fallthrough)
branch  1 taken 0
        1:   35:goto Goal_5;
        1:   36:Goal_5:;
        -:   37:
        1:   38:    ERROR: {reach_error();{
call    0 returned 0
        -:   39:#ifdef GCOV
    #####:   40:__gcov_dump();
call    0 never executed
        -:   41:#endif
    #####:   42:abort();
call    0 never executed
        -:   43:}}
        -:   44:  }
        -:   45:   else { 
    #####:   46:goto Goal_6;
    #####:   47:Goal_6:;
    #####:   48:}return;
        -:   49:}
function main called 1 returned 0% blocks executed 88%
        1:   50:int main(void) {
        1:   51:  int A[2048] = {0};
        1:   52:  int B[2048] = {0};
        -:   53:  int i;
        -:   54:  int tmp;
     2049:   55:  for (i = 0; i < 2048; i++) {
branch  0 taken 2048
branch  1 taken 1 (fallthrough)
     2048:   56:goto Goal_7;
     2048:   57:Goal_7:;
        -:   58:
     2048:   59:    tmp = A[i];
     2048:   60:    B[i] = tmp;
        -:   61:  }
        -:   62:  
        1:   63:goto Goal_8;
        1:   64:Goal_8:;
        1:   65:__VERIFIER_assert(A[2048/2] != B[2048/2]);
call    0 returned 0
        -:   66:}
