        -:    0:Source:output/instrumented_array-2.c
        -:    0:Graph:output/a-harness.gcno
        -:    0:Data:output/a-harness.gcda
        -:    0:Runs:1
        -:    1:#ifdef GCOV
        -:    2:extern void __gcov_dump(void);
        -:    3:#endif
        -:    4:extern void abort(void);
        -:    5:extern void __assert_fail(const char *, const char *, unsigned int, const char *) __attribute__ ((__nothrow__ , __leaf__)) __attribute__ ((__noreturn__));
function reach_error called 0 returned 0% blocks executed 0%
    #####:    6:void reach_error() {
        -:    7:#ifdef GCOV
    #####:    8: __gcov_dump();
call    0 never executed
        -:    9: #endif
    #####:   10: __assert_fail("0", "array-2.c", 3, "reach_error"); }
        -:   11:
function __VERIFIER_assert called 0 returned 0% blocks executed 0%
    #####:   12:void __VERIFIER_assert(int cond) {
    #####:   13:  if (!(cond)) {
branch  0 never executed
branch  1 never executed
    #####:   14:goto Goal_1;
    #####:   15:Goal_1:;
        -:   16:
    #####:   17:    ERROR: {reach_error();{
call    0 never executed
        -:   18:#ifdef GCOV
    #####:   19:__gcov_dump();
call    0 never executed
        -:   20:#endif
    #####:   21:abort();
call    0 never executed
        -:   22:}}
        -:   23:  }
        -:   24:   else { 
    #####:   25:goto Goal_2;
    #####:   26:Goal_2:;
    #####:   27:}return;
        -:   28:}
        -:   29:int __VERIFIER_nondet_int();
        -:   30:
function main called 1 returned 0% blocks executed 40%
        1:   31:int main()
        1:   32:{
        1:   33:  unsigned int SIZE=1;
        -:   34:  unsigned int j,k;
        1:   35:  int array[SIZE], menor;
        -:   36:
        1:   37:  menor = __VERIFIER_nondet_int();
call    0 returned 1
        -:   38:
       1*:   39:  for(j=0;j<SIZE;j++) {
branch  0 taken 1
branch  1 taken 0 (fallthrough)
        1:   40:goto Goal_3;
        1:   41:Goal_3:;
        -:   42:
       1*:   43:       array[j] = __VERIFIER_nondet_int();
call    0 returned 0
        -:   44:
    #####:   45:       if(array[j]<=menor) {
branch  0 never executed
branch  1 never executed
    #####:   46:goto Goal_5;
    #####:   47:Goal_5:;
        -:   48:
    #####:   49:          menor = array[j];
        -:   50:}
        -:   51:     else { 
    #####:   52:goto Goal_6;
    #####:   53:Goal_6:;
        -:   54:}}
        -:   55:
        -:   56:    
    #####:   57:goto Goal_4;
    #####:   58:Goal_4:;
    #####:   59:__VERIFIER_assert(array[0]>menor);
call    0 never executed
        -:   60:
    #####:   61:    return 0;
        -:   62:}
