        -:    0:Source:output/instrumented_pals_lcr.3.1.ufo.BOUNDED-6.pals+Problem12_label01.c
        -:    0:Graph:output/a-harness.gcno
        -:    0:Data:output/a-harness.gcda
        -:    0:Runs:1
        -:    1:#ifdef GCOV
        -:    2:extern void __gcov_dump(void);
        -:    3:#endif
        -:    4:extern unsigned int __VERIFIER_nondet_uint();
        -:    5:extern char __VERIFIER_nondet_char();
        -:    6:extern int __VERIFIER_nondet_int();
        -:    7:extern long __VERIFIER_nondet_long();
        -:    8:extern unsigned long __VERIFIER_nondet_ulong();
        -:    9:extern float __VERIFIER_nondet_float();
        -:   10:extern void exit(int);
        -:   11:extern void abort(void);
        -:   12:extern void __assert_fail(const char *, const char *, unsigned int, const char *) __attribute__ ((__nothrow__ , __leaf__)) __attribute__ ((__noreturn__));
function reach_error called 1 returned 0% blocks executed 100%
        1:   13:void reach_error() {
        -:   14:#ifdef GCOV
        1:   15: __gcov_dump();
call    0 returned 0
        -:   16: #endif
    #####:   17: __assert_fail("0", "pals_lcr.3.1.ufo.BOUNDED-6.pals.c", 3, "reach_error"); }
        -:   18:
        -:   19:
        -:   20:
        -:   21:
        -:   22:
        -:   23:_Bool __VERIFIER_nondet_bool(void) ;
        -:   24:char __VERIFIER_nondet_char(void) ;
        -:   25:char __VERIFIER_nondet_char(void) ;
        -:   26:void assert(_Bool arg ) ;
        -:   27:void abort(void);
        -:   28:typedef char msg_t;
        -:   29:typedef int port_t;
        -:   30:extern void read(port_t p , msg_t m ) ;
        -:   31:extern void write(port_t p , msg_t m ) ;
        -:   32:msg_t nomsg = (msg_t )-1;
        -:   33:char r1 ;
        -:   34:port_t p1 ;
        -:   35:char p1_old ;
        -:   36:char p1_new ;
        -:   37:char id1 ;
        -:   38:char st1 ;
        -:   39:msg_t send1 ;
        -:   40:_Bool mode1 ;
        -:   41:port_t p2 ;
        -:   42:char p2_old ;
        -:   43:char p2_new ;
        -:   44:char id2 ;
        -:   45:char st2 ;
        -:   46:msg_t send2 ;
        -:   47:_Bool mode2 ;
        -:   48:port_t p3 ;
        -:   49:char p3_old ;
        -:   50:char p3_new ;
        -:   51:char id3 ;
        -:   52:char st3 ;
        -:   53:msg_t send3 ;
        -:   54:_Bool mode3 ;
function node1 called 6 returned 100% blocks executed 76%
        6:   55:void node1(void)
        -:   56:{
        -:   57:  msg_t m1 ;
        -:   58:
        -:   59:  {
        6:   60:  m1 = nomsg;
        6:   61:  if (mode1) {
branch  0 taken 3 (fallthrough)
branch  1 taken 3
        3:   62:goto Goal_1;
        3:   63:Goal_1:;
        -:   64:
        3:   65:    r1 = (char )((int )r1 + 1);
        3:   66:    m1 = p3_old;
        3:   67:    p3_old = nomsg;
        3:   68:    if ((int )m1 != (int )nomsg) {
branch  0 taken 3 (fallthrough)
branch  1 taken 0
        3:   69:goto Goal_3;
        3:   70:Goal_3:;
        -:   71:
        3:   72:      if ((int )m1 > (int )id1) {
branch  0 taken 0 (fallthrough)
branch  1 taken 3
    #####:   73:goto Goal_5;
    #####:   74:Goal_5:;
        -:   75:
    #####:   76:        send1 = m1;
        -:   77:      } else
        3:   78:      if ((int )m1 == (int )id1) {
branch  0 taken 1 (fallthrough)
branch  1 taken 2
        1:   79:goto Goal_6;
        1:   80:Goal_6:;
        -:   81:
        1:   82:        st1 = (char)1;
        -:   83:      } else {
        2:   84:goto Goal_7;
        2:   85:Goal_7:;
        -:   86:
        2:   87:        send1 = m1;
        -:   88:      }
        -:   89:    }
        -:   90:     else { 
    #####:   91:goto Goal_4;
    #####:   92:Goal_4:;
        3:   93:}mode1 = (_Bool)0;
        -:   94:  } else {
        3:   95:goto Goal_2;
        3:   96:Goal_2:;
        -:   97:
       3*:   98:    p1_new = send1 != nomsg && p1_new == nomsg ? ({
branch  0 taken 3 (fallthrough)
branch  1 taken 0
branch  2 taken 3 (fallthrough)
branch  3 taken 0
        3:   99:goto Goal_8;
        3:  100:Goal_8:;
        3:  101:send1;}) : ({
    #####:  102:goto Goal_9;
    #####:  103:Goal_9:;
    #####:  104:p1_new;});
        3:  105:    mode1 = (_Bool)1;
        -:  106:  }
        6:  107:  return;
        -:  108:}
        -:  109:}
function node2 called 6 returned 100% blocks executed 64%
        6:  110:void node2(void)
        -:  111:{
        -:  112:  msg_t m2 ;
        -:  113:
        -:  114:  {
        6:  115:  m2 = nomsg;
        6:  116:  if (mode2) {
branch  0 taken 3 (fallthrough)
branch  1 taken 3
        3:  117:goto Goal_10;
        3:  118:Goal_10:;
        -:  119:
        3:  120:    m2 = p1_old;
        3:  121:    p1_old = nomsg;
        3:  122:    if ((int )m2 != (int )nomsg) {
branch  0 taken 3 (fallthrough)
branch  1 taken 0
        3:  123:goto Goal_12;
        3:  124:Goal_12:;
        -:  125:
        3:  126:      if ((int )m2 > (int )id2) {
branch  0 taken 3 (fallthrough)
branch  1 taken 0
        3:  127:goto Goal_14;
        3:  128:Goal_14:;
        -:  129:
        3:  130:        send2 = m2;
        -:  131:      } else
    #####:  132:      if ((int )m2 == (int )id2) {
branch  0 never executed
branch  1 never executed
    #####:  133:goto Goal_15;
    #####:  134:Goal_15:;
        -:  135:
    #####:  136:        st2 = (char)1;
        -:  137:      }
        -:  138:     else { 
    #####:  139:goto Goal_16;
    #####:  140:Goal_16:;
        -:  141:}}
        -:  142:     else { 
    #####:  143:goto Goal_13;
    #####:  144:Goal_13:;
        3:  145:}mode2 = (_Bool)0;
        -:  146:  } else {
        3:  147:goto Goal_11;
        3:  148:Goal_11:;
        -:  149:
       3*:  150:    p2_new = send2 != nomsg && p2_new == nomsg ? ({
branch  0 taken 3 (fallthrough)
branch  1 taken 0
branch  2 taken 3 (fallthrough)
branch  3 taken 0
        3:  151:goto Goal_17;
        3:  152:Goal_17:;
        3:  153:send2;}) : ({
    #####:  154:goto Goal_18;
    #####:  155:Goal_18:;
    #####:  156:p2_new;});
        3:  157:    mode2 = (_Bool)1;
        -:  158:  }
        6:  159:  return;
        -:  160:}
        -:  161:}
function node3 called 6 returned 100% blocks executed 84%
        6:  162:void node3(void)
        -:  163:{
        -:  164:  msg_t m3 ;
        -:  165:
        -:  166:  {
        6:  167:  m3 = nomsg;
        6:  168:  if (mode3) {
branch  0 taken 3 (fallthrough)
branch  1 taken 3
        3:  169:goto Goal_19;
        3:  170:Goal_19:;
        -:  171:
        3:  172:    m3 = p2_old;
        3:  173:    p2_old = nomsg;
        3:  174:    if ((int )m3 != (int )nomsg) {
branch  0 taken 3 (fallthrough)
branch  1 taken 0
        3:  175:goto Goal_21;
        3:  176:Goal_21:;
        -:  177:
        3:  178:      if ((int )m3 > (int )id3) {
branch  0 taken 1 (fallthrough)
branch  1 taken 2
        1:  179:goto Goal_23;
        1:  180:Goal_23:;
        -:  181:
        1:  182:        send3 = m3;
        -:  183:      } else
        2:  184:      if ((int )m3 == (int )id3) {
branch  0 taken 1 (fallthrough)
branch  1 taken 1
        1:  185:goto Goal_24;
        1:  186:Goal_24:;
        -:  187:
        1:  188:        st3 = (char)1;
        -:  189:      }
        -:  190:     else { 
        1:  191:goto Goal_25;
        1:  192:Goal_25:;
        -:  193:}}
        -:  194:     else { 
    #####:  195:goto Goal_22;
    #####:  196:Goal_22:;
        3:  197:}mode3 = (_Bool)0;
        -:  198:  } else {
        3:  199:goto Goal_20;
        3:  200:Goal_20:;
        -:  201:
       3*:  202:    p3_new = send3 != nomsg && p3_new == nomsg ? ({
branch  0 taken 3 (fallthrough)
branch  1 taken 0
branch  2 taken 3 (fallthrough)
branch  3 taken 0
        3:  203:goto Goal_26;
        3:  204:Goal_26:;
        3:  205:send3;}) : ({
    #####:  206:goto Goal_27;
    #####:  207:Goal_27:;
    #####:  208:p3_new;});
        3:  209:    mode3 = (_Bool)1;
        -:  210:  }
        6:  211:  return;
        -:  212:}
        -:  213:}
function init called 1 returned 100% blocks executed 52%
        1:  214:int init(void)
        -:  215:{
        -:  216:  int tmp ;
        -:  217:
        -:  218:  {
        1:  219:  if ((int )r1 == 0) {
branch  0 taken 1 (fallthrough)
branch  1 taken 0
        1:  220:goto Goal_28;
        1:  221:Goal_28:;
        -:  222:
        1:  223:    if ((int )id1 >= 0) {
branch  0 taken 1 (fallthrough)
branch  1 taken 0
        1:  224:goto Goal_30;
        1:  225:Goal_30:;
        -:  226:
        1:  227:      if ((int )st1 == 0) {
branch  0 taken 1 (fallthrough)
branch  1 taken 0
        1:  228:goto Goal_32;
        1:  229:Goal_32:;
        -:  230:
        1:  231:        if ((int )send1 == (int )id1) {
branch  0 taken 1 (fallthrough)
branch  1 taken 0
        1:  232:goto Goal_34;
        1:  233:Goal_34:;
        -:  234:
        1:  235:          if ((int )mode1 == 0) {
branch  0 taken 1 (fallthrough)
branch  1 taken 0
        1:  236:goto Goal_36;
        1:  237:Goal_36:;
        -:  238:
        1:  239:            if ((int )id2 >= 0) {
branch  0 taken 1 (fallthrough)
branch  1 taken 0
        1:  240:goto Goal_38;
        1:  241:Goal_38:;
        -:  242:
        1:  243:              if ((int )st2 == 0) {
branch  0 taken 1 (fallthrough)
branch  1 taken 0
        1:  244:goto Goal_40;
        1:  245:Goal_40:;
        -:  246:
        1:  247:                if ((int )send2 == (int )id2) {
branch  0 taken 1 (fallthrough)
branch  1 taken 0
        1:  248:goto Goal_42;
        1:  249:Goal_42:;
        -:  250:
        1:  251:                  if ((int )mode2 == 0) {
branch  0 taken 1 (fallthrough)
branch  1 taken 0
        1:  252:goto Goal_44;
        1:  253:Goal_44:;
        -:  254:
        1:  255:                    if ((int )id3 >= 0) {
branch  0 taken 1 (fallthrough)
branch  1 taken 0
        1:  256:goto Goal_46;
        1:  257:Goal_46:;
        -:  258:
        1:  259:                      if ((int )st3 == 0) {
branch  0 taken 1 (fallthrough)
branch  1 taken 0
        1:  260:goto Goal_48;
        1:  261:Goal_48:;
        -:  262:
        1:  263:                        if ((int )send3 == (int )id3) {
branch  0 taken 1 (fallthrough)
branch  1 taken 0
        1:  264:goto Goal_50;
        1:  265:Goal_50:;
        -:  266:
        1:  267:                          if ((int )mode3 == 0) {
branch  0 taken 1 (fallthrough)
branch  1 taken 0
        1:  268:goto Goal_52;
        1:  269:Goal_52:;
        -:  270:
        1:  271:                            if ((int )id1 != (int )id2) {
branch  0 taken 1 (fallthrough)
branch  1 taken 0
        1:  272:goto Goal_54;
        1:  273:Goal_54:;
        -:  274:
        1:  275:                              if ((int )id1 != (int )id3) {
branch  0 taken 1 (fallthrough)
branch  1 taken 0
        1:  276:goto Goal_56;
        1:  277:Goal_56:;
        -:  278:
        1:  279:                                if ((int )id2 != (int )id3) {
branch  0 taken 1 (fallthrough)
branch  1 taken 0
        1:  280:goto Goal_58;
        1:  281:Goal_58:;
        -:  282:
        1:  283:                                  tmp = 1;
        -:  284:                                } else {
    #####:  285:goto Goal_59;
    #####:  286:Goal_59:;
        -:  287:
    #####:  288:                                  tmp = 0;
        -:  289:                                }
        -:  290:                              } else {
    #####:  291:goto Goal_57;
    #####:  292:Goal_57:;
        -:  293:
    #####:  294:                                tmp = 0;
        -:  295:                              }
        -:  296:                            } else {
    #####:  297:goto Goal_55;
    #####:  298:Goal_55:;
        -:  299:
    #####:  300:                              tmp = 0;
        -:  301:                            }
        -:  302:                          } else {
    #####:  303:goto Goal_53;
    #####:  304:Goal_53:;
        -:  305:
    #####:  306:                            tmp = 0;
        -:  307:                          }
        -:  308:                        } else {
    #####:  309:goto Goal_51;
    #####:  310:Goal_51:;
        -:  311:
    #####:  312:                          tmp = 0;
        -:  313:                        }
        -:  314:                      } else {
    #####:  315:goto Goal_49;
    #####:  316:Goal_49:;
        -:  317:
    #####:  318:                        tmp = 0;
        -:  319:                      }
        -:  320:                    } else {
    #####:  321:goto Goal_47;
    #####:  322:Goal_47:;
        -:  323:
    #####:  324:                      tmp = 0;
        -:  325:                    }
        -:  326:                  } else {
    #####:  327:goto Goal_45;
    #####:  328:Goal_45:;
        -:  329:
    #####:  330:                    tmp = 0;
        -:  331:                  }
        -:  332:                } else {
    #####:  333:goto Goal_43;
    #####:  334:Goal_43:;
        -:  335:
    #####:  336:                  tmp = 0;
        -:  337:                }
        -:  338:              } else {
    #####:  339:goto Goal_41;
    #####:  340:Goal_41:;
        -:  341:
    #####:  342:                tmp = 0;
        -:  343:              }
        -:  344:            } else {
    #####:  345:goto Goal_39;
    #####:  346:Goal_39:;
        -:  347:
    #####:  348:              tmp = 0;
        -:  349:            }
        -:  350:          } else {
    #####:  351:goto Goal_37;
    #####:  352:Goal_37:;
        -:  353:
    #####:  354:            tmp = 0;
        -:  355:          }
        -:  356:        } else {
    #####:  357:goto Goal_35;
    #####:  358:Goal_35:;
        -:  359:
    #####:  360:          tmp = 0;
        -:  361:        }
        -:  362:      } else {
    #####:  363:goto Goal_33;
    #####:  364:Goal_33:;
        -:  365:
    #####:  366:        tmp = 0;
        -:  367:      }
        -:  368:    } else {
    #####:  369:goto Goal_31;
    #####:  370:Goal_31:;
        -:  371:
    #####:  372:      tmp = 0;
        -:  373:    }
        -:  374:  } else {
    #####:  375:goto Goal_29;
    #####:  376:Goal_29:;
        -:  377:
    #####:  378:    tmp = 0;
        -:  379:  }
        1:  380:  return (tmp);
        -:  381:}
        -:  382:}
function check called 6 returned 100% blocks executed 59%
        6:  383:int check(void)
        -:  384:{
        -:  385:  int tmp ;
        -:  386:
        -:  387:  {
        6:  388:  if (((int )st1 + (int )st2) + (int )st3 <= 1) {
branch  0 taken 5 (fallthrough)
branch  1 taken 1
        5:  389:goto Goal_60;
        5:  390:Goal_60:;
        -:  391:
        5:  392:    if ((int )r1 >= 3) {
branch  0 taken 0 (fallthrough)
branch  1 taken 5
    #####:  393:goto Goal_62;
    #####:  394:Goal_62:;
        -:  395:
    #####:  396:      goto _L;
        -:  397:    } else
        5:  398:    if (((int )st1 + (int )st2) + (int )st3 == 0) {
branch  0 taken 5 (fallthrough)
branch  1 taken 0
        5:  399:goto Goal_63;
        5:  400:Goal_63:;
        -:  401:
        5:  402:      _L:
        5:  403:      if ((int )r1 < 3) {
branch  0 taken 5 (fallthrough)
branch  1 taken 0
        5:  404:goto Goal_65;
        5:  405:Goal_65:;
        -:  406:
        5:  407:        tmp = 1;
        -:  408:      } else
    #####:  409:      if (((int )st1 + (int )st2) + (int )st3 == 1) {
branch  0 never executed
branch  1 never executed
    #####:  410:goto Goal_66;
    #####:  411:Goal_66:;
        -:  412:
    #####:  413:        tmp = 1;
        -:  414:      } else {
    #####:  415:goto Goal_67;
    #####:  416:Goal_67:;
        -:  417:
    #####:  418:        tmp = 0;
        -:  419:      }
        -:  420:    } else {
    #####:  421:goto Goal_64;
    #####:  422:Goal_64:;
        -:  423:
    #####:  424:      tmp = 0;
        -:  425:    }
        -:  426:  } else {
        1:  427:goto Goal_61;
        1:  428:Goal_61:;
        -:  429:
        1:  430:    tmp = 0;
        -:  431:  }
        6:  432:  return (tmp);
        -:  433:}
        -:  434:}
function main1 called 1 returned 0% blocks executed 84%
        1:  435:int main1(void)
        -:  436:{
        -:  437:  int c1 ;
        -:  438:  int i2 ;
        -:  439:
        -:  440:  {
        1:  441:  c1 = 0;
        1:  442:  r1 = __VERIFIER_nondet_char();
call    0 returned 1
        1:  443:  id1 = __VERIFIER_nondet_char();
call    0 returned 1
        1:  444:  st1 = __VERIFIER_nondet_char();
call    0 returned 1
        1:  445:  send1 = __VERIFIER_nondet_char();
call    0 returned 1
        1:  446:  mode1 = __VERIFIER_nondet_bool();
call    0 returned 1
        1:  447:  id2 = __VERIFIER_nondet_char();
call    0 returned 1
        1:  448:  st2 = __VERIFIER_nondet_char();
call    0 returned 1
        1:  449:  send2 = __VERIFIER_nondet_char();
call    0 returned 1
        1:  450:  mode2 = __VERIFIER_nondet_bool();
call    0 returned 1
        1:  451:  id3 = __VERIFIER_nondet_char();
call    0 returned 1
        1:  452:  st3 = __VERIFIER_nondet_char();
call    0 returned 1
        1:  453:  send3 = __VERIFIER_nondet_char();
call    0 returned 1
        1:  454:  mode3 = __VERIFIER_nondet_bool();
call    0 returned 1
        1:  455:  i2 = init();
call    0 returned 1
        1:  456:  if(!(i2)) {
branch  0 taken 0 (fallthrough)
branch  1 taken 1
    #####:  457:goto Goal_68;
    #####:  458:Goal_68:;
        -:  459:{
        -:  460:#ifdef GCOV
    #####:  461:__gcov_dump();
call    0 never executed
        -:  462:#endif
    #####:  463:abort();
call    0 never executed
        -:  464:}}
        -:  465:   else { 
        1:  466:goto Goal_69;
        1:  467:Goal_69:;
        1:  468:}p1_old = nomsg;
        1:  469:  p1_new = nomsg;
        1:  470:  p2_old = nomsg;
        1:  471:  p2_new = nomsg;
        1:  472:  p3_old = nomsg;
        1:  473:  p3_new = nomsg;
        1:  474:  i2 = 0;
        6:  475:  while (i2 < 6) {
branch  0 taken 6
branch  1 taken 0 (fallthrough)
        6:  476:goto Goal_70;
        6:  477:Goal_70:;
        -:  478:
        -:  479:    {
        6:  480:    node1();
call    0 returned 6
        6:  481:    node2();
call    0 returned 6
        6:  482:    node3();
call    0 returned 6
        6:  483:    p1_old = p1_new;
        6:  484:    p1_new = nomsg;
        6:  485:    p2_old = p2_new;
        6:  486:    p2_new = nomsg;
        6:  487:    p3_old = p3_new;
        6:  488:    p3_new = nomsg;
        6:  489:    c1 = check();
call    0 returned 6
        6:  490:    assert(c1);
call    0 returned 5
        5:  491:    i2 ++;
        -:  492:    }
        -:  493:  }
        -:  494:
    #####:  495:goto Goal_71;
    #####:  496:Goal_71:;
        -:  497:}
    #####:  498:return 0;
        -:  499:}
function assert called 6 returned 83% blocks executed 75%
        6:  500:void assert(_Bool arg )
        -:  501:{
        -:  502:
        -:  503:
        -:  504:  {
        6:  505:  if (! arg) {
branch  0 taken 1 (fallthrough)
branch  1 taken 5
        1:  506:goto Goal_72;
        1:  507:Goal_72:;
        -:  508:
        -:  509:    {
        1:  510:    ERROR: {reach_error();{
call    0 returned 0
        -:  511:#ifdef GCOV
    #####:  512:__gcov_dump();
call    0 never executed
        -:  513:#endif
    #####:  514:abort();
call    0 never executed
        -:  515:}}
        -:  516:    }
        -:  517:  }
        -:  518: else { 
        5:  519:goto Goal_73;
        5:  520:Goal_73:;
        -:  521:}}
        5:  522:}
        -:  523:
        -:  524:int calculate_output(int);
        -:  525:int calculate_output2(int);
        -:  526:int calculate_output3(int);
        -:  527:int calculate_output4(int);
        -:  528:extern void abort(void);
        -:  529:extern void __assert_fail(const char *, const char *, unsigned int, const char *) __attribute__ ((__nothrow__ , __leaf__)) __attribute__ ((__noreturn__));
        -:  530:extern int __VERIFIER_nondet_int(void);
        -:  531:extern void exit(int);
        -:  532:
        -:  533:
        -:  534: int inputC = 3;
        -:  535: int inputF = 6;
        -:  536: int inputA = 1;
        -:  537: int inputB = 2;
        -:  538: int inputD = 4;
        -:  539: int inputE = 5;
        -:  540:
        -:  541:
        -:  542:  int a17 = -124;
        -:  543:  int a5 = 4;
        -:  544:  int a24 = 15;
        -:  545:  int a2 = 170;
        -:  546:  int a7 = 13;
        -:  547:
        -:  548: int calculate_output2(int input);
        -:  549: int calculate_output3(int input);
        -:  550: int calculate_output4(int input);
        -:  551:
function calculate_output called 0 returned 0% blocks executed 0%
    #####:  552: int calculate_output(int input) {
    #####:  553:  if((((((a7==14) && a2 <= 189 ) && ((111 < a17) && (255 >= a17)) ) && (a24==13)) && (a5==3))){
branch  0 never executed
branch  1 never executed
branch  2 never executed
branch  3 never executed
branch  4 never executed
branch  5 never executed
branch  6 never executed
branch  7 never executed
branch  8 never executed
branch  9 never executed
branch 10 never executed
branch 11 never executed
    #####:  554:goto Goal_74;
    #####:  555:Goal_74:;
        -:  556:
    #####:  557:  error_7: exit(0);
call    0 never executed
        -:  558:  }
        -:  559:   else { 
    #####:  560:goto Goal_75;
    #####:  561:Goal_75:;
    #####:  562:}if((((((a7==12) && a2 <= 189 ) && a17 <= -108 ) && (a24==13)) && (a5==4))){
branch  0 never executed
branch  1 never executed
branch  2 never executed
branch  3 never executed
branch  4 never executed
branch  5 never executed
branch  6 never executed
branch  7 never executed
branch  8 never executed
branch  9 never executed
    #####:  563:goto Goal_76;
    #####:  564:Goal_76:;
        -:  565:
    #####:  566:  error_35: exit(0);
call    0 never executed
        -:  567:  }
        -:  568:   else { 
    #####:  569:goto Goal_77;
    #####:  570:Goal_77:;
    #####:  571:}if((((((a7==14) && a2 <= 189 ) && ((111 < a17) && (255 >= a17)) ) && (a24==14)) && (a5==4))){
branch  0 never executed
branch  1 never executed
branch  2 never executed
branch  3 never executed
branch  4 never executed
branch  5 never executed
branch  6 never executed
branch  7 never executed
branch  8 never executed
branch  9 never executed
branch 10 never executed
branch 11 never executed
    #####:  572:goto Goal_78;
    #####:  573:Goal_78:;
        -:  574:
    #####:  575:  error_55: exit(0);
call    0 never executed
        -:  576:  }
        -:  577:   else { 
    #####:  578:goto Goal_79;
    #####:  579:Goal_79:;
    #####:  580:}if((((((a7==14) && a2 <= 189 ) && ((-108 < a17) && (111 >= a17)) ) && (a24==13)) && (a5==4))){
branch  0 never executed
branch  1 never executed
branch  2 never executed
branch  3 never executed
branch  4 never executed
branch  5 never executed
branch  6 never executed
branch  7 never executed
branch  8 never executed
branch  9 never executed
branch 10 never executed
branch 11 never executed
    #####:  581:goto Goal_80;
    #####:  582:Goal_80:;
        -:  583:
    #####:  584:  error_40: exit(0);
call    0 never executed
        -:  585:  }
        -:  586:   else { 
    #####:  587:goto Goal_81;
    #####:  588:Goal_81:;
    #####:  589:}if((((((a7==13) && a2 <= 189 ) && a17 <= -108 ) && (a24==14)) && (a5==4))){
branch  0 never executed
branch  1 never executed
branch  2 never executed
branch  3 never executed
branch  4 never executed
branch  5 never executed
branch  6 never executed
branch  7 never executed
branch  8 never executed
branch  9 never executed
    #####:  590:goto Goal_82;
    #####:  591:Goal_82:;
        -:  592:
    #####:  593:  error_48: exit(0);
call    0 never executed
        -:  594:  }
        -:  595:   else { 
    #####:  596:goto Goal_83;
    #####:  597:Goal_83:;
    #####:  598:}if((((((a7==13) && a2 <= 189 ) && ((-108 < a17) && (111 >= a17)) ) && (a24==14)) && (a5==4))){
branch  0 never executed
branch  1 never executed
branch  2 never executed
branch  3 never executed
branch  4 never executed
branch  5 never executed
branch  6 never executed
branch  7 never executed
branch  8 never executed
branch  9 never executed
branch 10 never executed
branch 11 never executed
    #####:  599:goto Goal_84;
    #####:  600:Goal_84:;
        -:  601:
    #####:  602:  error_51: exit(0);
call    0 never executed
        -:  603:  }
        -:  604:   else { 
    #####:  605:goto Goal_85;
    #####:  606:Goal_85:;
    #####:  607:}if((((((a7==12) && a2 <= 189 ) && 255 < a17 ) && (a24==14)) && (a5==3))){
branch  0 never executed
branch  1 never executed
branch  2 never executed
branch  3 never executed
branch  4 never executed
branch  5 never executed
branch  6 never executed
branch  7 never executed
branch  8 never executed
branch  9 never executed
    #####:  608:goto Goal_86;
    #####:  609:Goal_86:;
        -:  610:
    #####:  611:  error_20: exit(0);
call    0 never executed
        -:  612:  }
        -:  613:   else { 
    #####:  614:goto Goal_87;
    #####:  615:Goal_87:;
    #####:  616:}if((((((a7==14) && a2 <= 189 ) && a17 <= -108 ) && (a24==13)) && (a5==4))){
branch  0 never executed
branch  1 never executed
branch  2 never executed
branch  3 never executed
branch  4 never executed
branch  5 never executed
branch  6 never executed
branch  7 never executed
branch  8 never executed
branch  9 never executed
    #####:  617:goto Goal_88;
    #####:  618:Goal_88:;
        -:  619:
    #####:  620:  error_37: exit(0);
call    0 never executed
        -:  621:  }
        -:  622:   else { 
    #####:  623:goto Goal_89;
    #####:  624:Goal_89:;
    #####:  625:}if((((((a7==14) && a2 <= 189 ) && ((111 < a17) && (255 >= a17)) ) && (a24==14)) && (a5==3))){
branch  0 never executed
branch  1 never executed
branch  2 never executed
branch  3 never executed
branch  4 never executed
branch  5 never executed
branch  6 never executed
branch  7 never executed
branch  8 never executed
branch  9 never executed
branch 10 never executed
branch 11 never executed
    #####:  626:goto Goal_90;
    #####:  627:Goal_90:;
        -:  628:
    #####:  629:  error_19: exit(0);
call    0 never executed
        -:  630:  }
        -:  631:   else { 
    #####:  632:goto Goal_91;
    #####:  633:Goal_91:;
    #####:  634:}if((((((a7==13) && a2 <= 189 ) && a17 <= -108 ) && (a24==13)) && (a5==3))){
branch  0 never executed
branch  1 never executed
branch  2 never executed
branch  3 never executed
branch  4 never executed
branch  5 never executed
branch  6 never executed
branch  7 never executed
branch  8 never executed
branch  9 never executed
    #####:  635:goto Goal_92;
    #####:  636:Goal_92:;
        -:  637:
    #####:  638:  error_0: exit(0);
call    0 never executed
        -:  639:  }
        -:  640:   else { 
    #####:  641:goto Goal_93;
    #####:  642:Goal_93:;
    #####:  643:}if((((((a7==14) && a2 <= 189 ) && 255 < a17 ) && (a24==15)) && (a5==3))){
branch  0 never executed
branch  1 never executed
branch  2 never executed
branch  3 never executed
branch  4 never executed
branch  5 never executed
branch  6 never executed
branch  7 never executed
branch  8 never executed
branch  9 never executed
    #####:  644:goto Goal_94;
    #####:  645:Goal_94:;
        -:  646:
    #####:  647:  error_34: exit(0);
call    0 never executed
        -:  648:  }
        -:  649:   else { 
    #####:  650:goto Goal_95;
    #####:  651:Goal_95:;
    #####:  652:}if((((((a7==14) && a2 <= 189 ) && a17 <= -108 ) && (a24==15)) && (a5==3))){
branch  0 never executed
branch  1 never executed
branch  2 never executed
branch  3 never executed
branch  4 never executed
branch  5 never executed
branch  6 never executed
branch  7 never executed
branch  8 never executed
branch  9 never executed
    #####:  653:goto Goal_96;
    #####:  654:Goal_96:;
        -:  655:
    #####:  656:  error_25: exit(0);
call    0 never executed
        -:  657:  }
        -:  658:   else { 
    #####:  659:goto Goal_97;
    #####:  660:Goal_97:;
    #####:  661:}if((((((a7==12) && a2 <= 189 ) && ((-108 < a17) && (111 >= a17)) ) && (a24==14)) && (a5==4))){
branch  0 never executed
branch  1 never executed
branch  2 never executed
branch  3 never executed
branch  4 never executed
branch  5 never executed
branch  6 never executed
branch  7 never executed
branch  8 never executed
branch  9 never executed
branch 10 never executed
branch 11 never executed
    #####:  662:goto Goal_98;
    #####:  663:Goal_98:;
        -:  664:
    #####:  665:  error_50: exit(0);
call    0 never executed
        -:  666:  }
        -:  667:   else { 
    #####:  668:goto Goal_99;
    #####:  669:Goal_99:;
    #####:  670:}if((((((a7==13) && a2 <= 189 ) && ((-108 < a17) && (111 >= a17)) ) && (a24==13)) && (a5==3))){
branch  0 never executed
branch  1 never executed
branch  2 never executed
branch  3 never executed
branch  4 never executed
branch  5 never executed
branch  6 never executed
branch  7 never executed
branch  8 never executed
branch  9 never executed
branch 10 never executed
branch 11 never executed
    #####:  671:goto Goal_100;
    #####:  672:Goal_100:;
        -:  673:
    #####:  674:  error_3: exit(0);
call    0 never executed
        -:  675:  }
        -:  676:   else { 
    #####:  677:goto Goal_101;
    #####:  678:Goal_101:;
    #####:  679:}if((((((a7==14) && a2 <= 189 ) && ((-108 < a17) && (111 >= a17)) ) && (a24==15)) && (a5==3))){
branch  0 never executed
branch  1 never executed
branch  2 never executed
branch  3 never executed
branch  4 never executed
branch  5 never executed
branch  6 never executed
branch  7 never executed
branch  8 never executed
branch  9 never executed
branch 10 never executed
branch 11 never executed
    #####:  680:goto Goal_102;
    #####:  681:Goal_102:;
        -:  682:
    #####:  683:  error_28: exit(0);
call    0 never executed
        -:  684:  }
        -:  685:   else { 
    #####:  686:goto Goal_103;
    #####:  687:Goal_103:;
    #####:  688:}if((((((a7==13) && a2 <= 189 ) && ((-108 < a17) && (111 >= a17)) ) && (a24==13)) && (a5==4))){
branch  0 never executed
branch  1 never executed
branch  2 never executed
branch  3 never executed
branch  4 never executed
branch  5 never executed
branch  6 never executed
branch  7 never executed
branch  8 never executed
branch  9 never executed
branch 10 never executed
branch 11 never executed
    #####:  689:goto Goal_104;
    #####:  690:Goal_104:;
        -:  691:
    #####:  692:  error_39: exit(0);
call    0 never executed
        -:  693:  }
        -:  694:   else { 
    #####:  695:goto Goal_105;
    #####:  696:Goal_105:;
    #####:  697:}if((((((a7==13) && a2 <= 189 ) && 255 < a17 ) && (a24==14)) && (a5==3))){
branch  0 never executed
branch  1 never executed
branch  2 never executed
branch  3 never executed
branch  4 never executed
branch  5 never executed
branch  6 never executed
branch  7 never executed
branch  8 never executed
branch  9 never executed
    #####:  698:goto Goal_106;
    #####:  699:Goal_106:;
        -:  700:
    #####:  701:  error_21: exit(0);
call    0 never executed
        -:  702:  }
        -:  703:   else { 
    #####:  704:goto Goal_107;
    #####:  705:Goal_107:;
    #####:  706:}if((((((a7==13) && a2 <= 189 ) && ((111 < a17) && (255 >= a17)) ) && (a24==13)) && (a5==3))){
branch  0 never executed
branch  1 never executed
branch  2 never executed
branch  3 never executed
branch  4 never executed
branch  5 never executed
branch  6 never executed
branch  7 never executed
branch  8 never executed
branch  9 never executed
branch 10 never executed
branch 11 never executed
    #####:  707:goto Goal_108;
    #####:  708:Goal_108:;
        -:  709:
    #####:  710:  error_6: exit(0);
call    0 never executed
        -:  711:  }
        -:  712:   else { 
    #####:  713:goto Goal_109;
    #####:  714:Goal_109:;
    #####:  715:}if((((((a7==12) && a2 <= 189 ) && ((-108 < a17) && (111 >= a17)) ) && (a24==13)) && (a5==4))){
branch  0 never executed
branch  1 never executed
branch  2 never executed
branch  3 never executed
branch  4 never executed
branch  5 never executed
branch  6 never executed
branch  7 never executed
branch  8 never executed
branch  9 never executed
branch 10 never executed
branch 11 never executed
    #####:  716:goto Goal_110;
    #####:  717:Goal_110:;
        -:  718:
    #####:  719:  error_38: exit(0);
call    0 never executed
        -:  720:  }
        -:  721:   else { 
    #####:  722:goto Goal_111;
    #####:  723:Goal_111:;
    #####:  724:}if((((((a7==13) && a2 <= 189 ) && ((111 < a17) && (255 >= a17)) ) && (a24==15)) && (a5==3))){
branch  0 never executed
branch  1 never executed
branch  2 never executed
branch  3 never executed
branch  4 never executed
branch  5 never executed
branch  6 never executed
branch  7 never executed
branch  8 never executed
branch  9 never executed
branch 10 never executed
branch 11 never executed
    #####:  725:goto Goal_112;
    #####:  726:Goal_112:;
        -:  727:
    #####:  728:  error_30: exit(0);
call    0 never executed
        -:  729:  }
        -:  730:   else { 
    #####:  731:goto Goal_113;
    #####:  732:Goal_113:;
    #####:  733:}if((((((a7==13) && a2 <= 189 ) && ((111 < a17) && (255 >= a17)) ) && (a24==13)) && (a5==4))){
branch  0 never executed
branch  1 never executed
branch  2 never executed
branch  3 never executed
branch  4 never executed
branch  5 never executed
branch  6 never executed
branch  7 never executed
branch  8 never executed
branch  9 never executed
branch 10 never executed
branch 11 never executed
    #####:  734:goto Goal_114;
    #####:  735:Goal_114:;
        -:  736:
    #####:  737:  error_42: exit(0);
call    0 never executed
        -:  738:  }
        -:  739:   else { 
    #####:  740:goto Goal_115;
    #####:  741:Goal_115:;
    #####:  742:}if((((((a7==14) && a2 <= 189 ) && 255 < a17 ) && (a24==13)) && (a5==3))){
branch  0 never executed
branch  1 never executed
branch  2 never executed
branch  3 never executed
branch  4 never executed
branch  5 never executed
branch  6 never executed
branch  7 never executed
branch  8 never executed
branch  9 never executed
    #####:  743:goto Goal_116;
    #####:  744:Goal_116:;
        -:  745:
    #####:  746:  error_10: exit(0);
call    0 never executed
        -:  747:  }
        -:  748:   else { 
    #####:  749:goto Goal_117;
    #####:  750:Goal_117:;
    #####:  751:}if((((((a7==14) && a2 <= 189 ) && a17 <= -108 ) && (a24==14)) && (a5==3))){
branch  0 never executed
branch  1 never executed
branch  2 never executed
branch  3 never executed
branch  4 never executed
branch  5 never executed
branch  6 never executed
branch  7 never executed
branch  8 never executed
branch  9 never executed
    #####:  752:goto Goal_118;
    #####:  753:Goal_118:;
        -:  754:
    #####:  755:  error_13: exit(0);
call    0 never executed
        -:  756:  }
        -:  757:   else { 
    #####:  758:goto Goal_119;
    #####:  759:Goal_119:;
    #####:  760:}if((((((a7==12) && a2 <= 189 ) && 255 < a17 ) && (a24==13)) && (a5==3))){
branch  0 never executed
branch  1 never executed
branch  2 never executed
branch  3 never executed
branch  4 never executed
branch  5 never executed
branch  6 never executed
branch  7 never executed
branch  8 never executed
branch  9 never executed
    #####:  761:goto Goal_120;
    #####:  762:Goal_120:;
        -:  763:
    #####:  764:  error_8: exit(0);
call    0 never executed
        -:  765:  }
        -:  766:   else { 
    #####:  767:goto Goal_121;
    #####:  768:Goal_121:;
    #####:  769:}if((((((a7==14) && a2 <= 189 ) && ((-108 < a17) && (111 >= a17)) ) && (a24==14)) && (a5==4))){
branch  0 never executed
branch  1 never executed
branch  2 never executed
branch  3 never executed
branch  4 never executed
branch  5 never executed
branch  6 never executed
branch  7 never executed
branch  8 never executed
branch  9 never executed
branch 10 never executed
branch 11 never executed
    #####:  770:goto Goal_122;
    #####:  771:Goal_122:;
        -:  772:
    #####:  773:  error_52: exit(0);
call    0 never executed
        -:  774:  }
        -:  775:   else { 
    #####:  776:goto Goal_123;
    #####:  777:Goal_123:;
    #####:  778:}if((((((a7==13) && a2 <= 189 ) && ((-108 < a17) && (111 >= a17)) ) && (a24==15)) && (a5==3))){
branch  0 never executed
branch  1 never executed
branch  2 never executed
branch  3 never executed
branch  4 never executed
branch  5 never executed
branch  6 never executed
branch  7 never executed
branch  8 never executed
branch  9 never executed
branch 10 never executed
branch 11 never executed
    #####:  779:goto Goal_124;
    #####:  780:Goal_124:;
        -:  781:
    #####:  782:  error_27: exit(0);
call    0 never executed
        -:  783:  }
        -:  784:   else { 
    #####:  785:goto Goal_125;
    #####:  786:Goal_125:;
    #####:  787:}if((((((a7==12) && a2 <= 189 ) && ((111 < a17) && (255 >= a17)) ) && (a24==14)) && (a5==4))){
branch  0 never executed
branch  1 never executed
branch  2 never executed
branch  3 never executed
branch  4 never executed
branch  5 never executed
branch  6 never executed
branch  7 never executed
branch  8 never executed
branch  9 never executed
branch 10 never executed
branch 11 never executed
    #####:  788:goto Goal_126;
    #####:  789:Goal_126:;
        -:  790:
    #####:  791:  error_53: exit(0);
call    0 never executed
        -:  792:  }
        -:  793:   else { 
    #####:  794:goto Goal_127;
    #####:  795:Goal_127:;
    #####:  796:}if((((((a7==13) && a2 <= 189 ) && ((111 < a17) && (255 >= a17)) ) && (a24==14)) && (a5==4))){
branch  0 never executed
branch  1 never executed
branch  2 never executed
branch  3 never executed
branch  4 never executed
branch  5 never executed
branch  6 never executed
branch  7 never executed
branch  8 never executed
branch  9 never executed
branch 10 never executed
branch 11 never executed
    #####:  797:goto Goal_128;
    #####:  798:Goal_128:;
        -:  799:
    #####:  800:  error_54: exit(0);
call    0 never executed
        -:  801:  }
        -:  802:   else { 
    #####:  803:goto Goal_129;
    #####:  804:Goal_129:;
    #####:  805:}if((((((a7==14) && a2 <= 189 ) && 255 < a17 ) && (a24==14)) && (a5==4))){
branch  0 never executed
branch  1 never executed
branch  2 never executed
branch  3 never executed
branch  4 never executed
branch  5 never executed
branch  6 never executed
branch  7 never executed
branch  8 never executed
branch  9 never executed
    #####:  806:goto Goal_130;
    #####:  807:Goal_130:;
        -:  808:
    #####:  809:  error_58: exit(0);
call    0 never executed
        -:  810:  }
        -:  811:   else { 
    #####:  812:goto Goal_131;
    #####:  813:Goal_131:;
    #####:  814:}if((((((a7==12) && a2 <= 189 ) && a17 <= -108 ) && (a24==15)) && (a5==3))){
branch  0 never executed
branch  1 never executed
branch  2 never executed
branch  3 never executed
branch  4 never executed
branch  5 never executed
branch  6 never executed
branch  7 never executed
branch  8 never executed
branch  9 never executed
    #####:  815:goto Goal_132;
    #####:  816:Goal_132:;
        -:  817:
    #####:  818:  error_23: exit(0);
call    0 never executed
        -:  819:  }
        -:  820:   else { 
    #####:  821:goto Goal_133;
    #####:  822:Goal_133:;
    #####:  823:}if((((((a7==12) && a2 <= 189 ) && a17 <= -108 ) && (a24==13)) && (a5==3))){
branch  0 never executed
branch  1 never executed
branch  2 never executed
branch  3 never executed
branch  4 never executed
branch  5 never executed
branch  6 never executed
branch  7 never executed
branch  8 never executed
branch  9 never executed
    #####:  824:goto Goal_134;
    #####:  825:Goal_134:;
        -:  826:
    #####:  827:  globalError: exit(0);
call    0 never executed
        -:  828:  }
        -:  829:   else { 
    #####:  830:goto Goal_135;
    #####:  831:Goal_135:;
    #####:  832:}if((((((a7==13) && a2 <= 189 ) && 255 < a17 ) && (a24==14)) && (a5==4))){
branch  0 never executed
branch  1 never executed
branch  2 never executed
branch  3 never executed
branch  4 never executed
branch  5 never executed
branch  6 never executed
branch  7 never executed
branch  8 never executed
branch  9 never executed
    #####:  833:goto Goal_136;
    #####:  834:Goal_136:;
        -:  835:
    #####:  836:  error_57: exit(0);
call    0 never executed
        -:  837:  }
        -:  838:   else { 
    #####:  839:goto Goal_137;
    #####:  840:Goal_137:;
    #####:  841:}if((((((a7==12) && a2 <= 189 ) && a17 <= -108 ) && (a24==14)) && (a5==4))){
branch  0 never executed
branch  1 never executed
branch  2 never executed
branch  3 never executed
branch  4 never executed
branch  5 never executed
branch  6 never executed
branch  7 never executed
branch  8 never executed
branch  9 never executed
    #####:  842:goto Goal_138;
    #####:  843:Goal_138:;
        -:  844:
    #####:  845:  error_47: exit(0);
call    0 never executed
        -:  846:  }
        -:  847:   else { 
    #####:  848:goto Goal_139;
    #####:  849:Goal_139:;
    #####:  850:}if((((((a7==12) && a2 <= 189 ) && a17 <= -108 ) && (a24==14)) && (a5==3))){
branch  0 never executed
branch  1 never executed
branch  2 never executed
branch  3 never executed
branch  4 never executed
branch  5 never executed
branch  6 never executed
branch  7 never executed
branch  8 never executed
branch  9 never executed
    #####:  851:goto Goal_140;
    #####:  852:Goal_140:;
        -:  853:
    #####:  854:  error_11: exit(0);
call    0 never executed
        -:  855:  }
        -:  856:   else { 
    #####:  857:goto Goal_141;
    #####:  858:Goal_141:;
    #####:  859:}if((((((a7==12) && a2 <= 189 ) && ((111 < a17) && (255 >= a17)) ) && (a24==14)) && (a5==3))){
branch  0 never executed
branch  1 never executed
branch  2 never executed
branch  3 never executed
branch  4 never executed
branch  5 never executed
branch  6 never executed
branch  7 never executed
branch  8 never executed
branch  9 never executed
branch 10 never executed
branch 11 never executed
    #####:  860:goto Goal_142;
    #####:  861:Goal_142:;
        -:  862:
    #####:  863:  error_17: exit(0);
call    0 never executed
        -:  864:  }
        -:  865:   else { 
    #####:  866:goto Goal_143;
    #####:  867:Goal_143:;
    #####:  868:}if((((((a7==14) && a2 <= 189 ) && ((111 < a17) && (255 >= a17)) ) && (a24==13)) && (a5==4))){
branch  0 never executed
branch  1 never executed
branch  2 never executed
branch  3 never executed
branch  4 never executed
branch  5 never executed
branch  6 never executed
branch  7 never executed
branch  8 never executed
branch  9 never executed
branch 10 never executed
branch 11 never executed
    #####:  869:goto Goal_144;
    #####:  870:Goal_144:;
        -:  871:
    #####:  872:  error_43: exit(0);
call    0 never executed
        -:  873:  }
        -:  874:   else { 
    #####:  875:goto Goal_145;
    #####:  876:Goal_145:;
    #####:  877:}if((((((a7==14) && a2 <= 189 ) && a17 <= -108 ) && (a24==14)) && (a5==4))){
branch  0 never executed
branch  1 never executed
branch  2 never executed
branch  3 never executed
branch  4 never executed
branch  5 never executed
branch  6 never executed
branch  7 never executed
branch  8 never executed
branch  9 never executed
    #####:  878:goto Goal_146;
    #####:  879:Goal_146:;
        -:  880:
    #####:  881:  error_49: exit(0);
call    0 never executed
        -:  882:  }
        -:  883:   else { 
    #####:  884:goto Goal_147;
    #####:  885:Goal_147:;
    #####:  886:}if((((((a7==12) && a2 <= 189 ) && 255 < a17 ) && (a24==15)) && (a5==3))){
branch  0 never executed
branch  1 never executed
branch  2 never executed
branch  3 never executed
branch  4 never executed
branch  5 never executed
branch  6 never executed
branch  7 never executed
branch  8 never executed
branch  9 never executed
    #####:  887:goto Goal_148;
    #####:  888:Goal_148:;
        -:  889:
    #####:  890:  error_32: exit(0);
call    0 never executed
        -:  891:  }
        -:  892:   else { 
    #####:  893:goto Goal_149;
    #####:  894:Goal_149:;
    #####:  895:}if((((((a7==12) && a2 <= 189 ) && a17 <= -108 ) && (a24==15)) && (a5==4))){
branch  0 never executed
branch  1 never executed
branch  2 never executed
branch  3 never executed
branch  4 never executed
branch  5 never executed
branch  6 never executed
branch  7 never executed
branch  8 never executed
branch  9 never executed
    #####:  896:goto Goal_150;
    #####:  897:Goal_150:;
        -:  898:
    #####:  899:  error_59: exit(0);
call    0 never executed
        -:  900:  }
        -:  901:   else { 
    #####:  902:goto Goal_151;
    #####:  903:Goal_151:;
    #####:  904:}if((((((a7==12) && a2 <= 189 ) && ((-108 < a17) && (111 >= a17)) ) && (a24==15)) && (a5==3))){
branch  0 never executed
branch  1 never executed
branch  2 never executed
branch  3 never executed
branch  4 never executed
branch  5 never executed
branch  6 never executed
branch  7 never executed
branch  8 never executed
branch  9 never executed
branch 10 never executed
branch 11 never executed
    #####:  905:goto Goal_152;
    #####:  906:Goal_152:;
        -:  907:
    #####:  908:  error_26: exit(0);
call    0 never executed
        -:  909:  }
        -:  910:   else { 
    #####:  911:goto Goal_153;
    #####:  912:Goal_153:;
    #####:  913:}if((((((a7==13) && a2 <= 189 ) && a17 <= -108 ) && (a24==15)) && (a5==3))){
branch  0 never executed
branch  1 never executed
branch  2 never executed
branch  3 never executed
branch  4 never executed
branch  5 never executed
branch  6 never executed
branch  7 never executed
branch  8 never executed
branch  9 never executed
    #####:  914:goto Goal_154;
    #####:  915:Goal_154:;
        -:  916:
    #####:  917:  error_24: exit(0);
call    0 never executed
        -:  918:  }
        -:  919:   else { 
    #####:  920:goto Goal_155;
    #####:  921:Goal_155:;
    #####:  922:}if((((((a7==14) && a2 <= 189 ) && a17 <= -108 ) && (a24==13)) && (a5==3))){
branch  0 never executed
branch  1 never executed
branch  2 never executed
branch  3 never executed
branch  4 never executed
branch  5 never executed
branch  6 never executed
branch  7 never executed
branch  8 never executed
branch  9 never executed
    #####:  923:goto Goal_156;
    #####:  924:Goal_156:;
        -:  925:
    #####:  926:  error_1: {reach_error();{
call    0 never executed
        -:  927:#ifdef GCOV
    #####:  928:__gcov_dump();
call    0 never executed
        -:  929:#endif
    #####:  930:abort();
call    0 never executed
        -:  931:}}
        -:  932:  }
        -:  933:   else { 
    #####:  934:goto Goal_157;
    #####:  935:Goal_157:;
    #####:  936:}if((((((a7==12) && a2 <= 189 ) && ((-108 < a17) && (111 >= a17)) ) && (a24==14)) && (a5==3))){
branch  0 never executed
branch  1 never executed
branch  2 never executed
branch  3 never executed
branch  4 never executed
branch  5 never executed
branch  6 never executed
branch  7 never executed
branch  8 never executed
branch  9 never executed
branch 10 never executed
branch 11 never executed
    #####:  937:goto Goal_158;
    #####:  938:Goal_158:;
        -:  939:
    #####:  940:  error_14: exit(0);
call    0 never executed
        -:  941:  }
        -:  942:   else { 
    #####:  943:goto Goal_159;
    #####:  944:Goal_159:;
    #####:  945:}if((((((a7==13) && a2 <= 189 ) && 255 < a17 ) && (a24==15)) && (a5==3))){
branch  0 never executed
branch  1 never executed
branch  2 never executed
branch  3 never executed
branch  4 never executed
branch  5 never executed
branch  6 never executed
branch  7 never executed
branch  8 never executed
branch  9 never executed
    #####:  946:goto Goal_160;
    #####:  947:Goal_160:;
        -:  948:
    #####:  949:  error_33: exit(0);
call    0 never executed
        -:  950:  }
        -:  951:   else { 
    #####:  952:goto Goal_161;
    #####:  953:Goal_161:;
    #####:  954:}if((((((a7==12) && a2 <= 189 ) && 255 < a17 ) && (a24==13)) && (a5==4))){
branch  0 never executed
branch  1 never executed
branch  2 never executed
branch  3 never executed
branch  4 never executed
branch  5 never executed
branch  6 never executed
branch  7 never executed
branch  8 never executed
branch  9 never executed
    #####:  955:goto Goal_162;
    #####:  956:Goal_162:;
        -:  957:
    #####:  958:  error_44: exit(0);
call    0 never executed
        -:  959:  }
        -:  960:   else { 
    #####:  961:goto Goal_163;
    #####:  962:Goal_163:;
    #####:  963:}if((((((a7==13) && a2 <= 189 ) && 255 < a17 ) && (a24==13)) && (a5==4))){
branch  0 never executed
branch  1 never executed
branch  2 never executed
branch  3 never executed
branch  4 never executed
branch  5 never executed
branch  6 never executed
branch  7 never executed
branch  8 never executed
branch  9 never executed
    #####:  964:goto Goal_164;
    #####:  965:Goal_164:;
        -:  966:
    #####:  967:  error_45: exit(0);
call    0 never executed
        -:  968:  }
        -:  969:   else { 
    #####:  970:goto Goal_165;
    #####:  971:Goal_165:;
    #####:  972:}if((((((a7==12) && a2 <= 189 ) && ((111 < a17) && (255 >= a17)) ) && (a24==13)) && (a5==4))){
branch  0 never executed
branch  1 never executed
branch  2 never executed
branch  3 never executed
branch  4 never executed
branch  5 never executed
branch  6 never executed
branch  7 never executed
branch  8 never executed
branch  9 never executed
branch 10 never executed
branch 11 never executed
    #####:  973:goto Goal_166;
    #####:  974:Goal_166:;
        -:  975:
    #####:  976:  error_41: exit(0);
call    0 never executed
        -:  977:  }
        -:  978:   else { 
    #####:  979:goto Goal_167;
    #####:  980:Goal_167:;
    #####:  981:}if((((((a7==13) && a2 <= 189 ) && ((111 < a17) && (255 >= a17)) ) && (a24==14)) && (a5==3))){
branch  0 never executed
branch  1 never executed
branch  2 never executed
branch  3 never executed
branch  4 never executed
branch  5 never executed
branch  6 never executed
branch  7 never executed
branch  8 never executed
branch  9 never executed
branch 10 never executed
branch 11 never executed
    #####:  982:goto Goal_168;
    #####:  983:Goal_168:;
        -:  984:
    #####:  985:  error_18: exit(0);
call    0 never executed
        -:  986:  }
        -:  987:   else { 
    #####:  988:goto Goal_169;
    #####:  989:Goal_169:;
    #####:  990:}if((((((a7==13) && a2 <= 189 ) && ((-108 < a17) && (111 >= a17)) ) && (a24==14)) && (a5==3))){
branch  0 never executed
branch  1 never executed
branch  2 never executed
branch  3 never executed
branch  4 never executed
branch  5 never executed
branch  6 never executed
branch  7 never executed
branch  8 never executed
branch  9 never executed
branch 10 never executed
branch 11 never executed
    #####:  991:goto Goal_170;
    #####:  992:Goal_170:;
        -:  993:
    #####:  994:  error_15: exit(0);
call    0 never executed
        -:  995:  }
        -:  996:   else { 
    #####:  997:goto Goal_171;
    #####:  998:Goal_171:;
    #####:  999:}if((((((a7==12) && a2 <= 189 ) && ((111 < a17) && (255 >= a17)) ) && (a24==15)) && (a5==3))){
branch  0 never executed
branch  1 never executed
branch  2 never executed
branch  3 never executed
branch  4 never executed
branch  5 never executed
branch  6 never executed
branch  7 never executed
branch  8 never executed
branch  9 never executed
branch 10 never executed
branch 11 never executed
    #####: 1000:goto Goal_172;
    #####: 1001:Goal_172:;
        -: 1002:
    #####: 1003:  error_29: exit(0);
call    0 never executed
        -: 1004:  }
        -: 1005:   else { 
    #####: 1006:goto Goal_173;
    #####: 1007:Goal_173:;
    #####: 1008:}if((((((a7==12) && a2 <= 189 ) && 255 < a17 ) && (a24==14)) && (a5==4))){
branch  0 never executed
branch  1 never executed
branch  2 never executed
branch  3 never executed
branch  4 never executed
branch  5 never executed
branch  6 never executed
branch  7 never executed
branch  8 never executed
branch  9 never executed
    #####: 1009:goto Goal_174;
    #####: 1010:Goal_174:;
        -: 1011:
    #####: 1012:  error_56: exit(0);
call    0 never executed
        -: 1013:  }
        -: 1014:   else { 
    #####: 1015:goto Goal_175;
    #####: 1016:Goal_175:;
    #####: 1017:}if((((((a7==13) && a2 <= 189 ) && a17 <= -108 ) && (a24==13)) && (a5==4))){
branch  0 never executed
branch  1 never executed
branch  2 never executed
branch  3 never executed
branch  4 never executed
branch  5 never executed
branch  6 never executed
branch  7 never executed
branch  8 never executed
branch  9 never executed
    #####: 1018:goto Goal_176;
    #####: 1019:Goal_176:;
        -: 1020:
    #####: 1021:  error_36: exit(0);
call    0 never executed
        -: 1022:  }
        -: 1023:   else { 
    #####: 1024:goto Goal_177;
    #####: 1025:Goal_177:;
    #####: 1026:}if((((((a7==13) && a2 <= 189 ) && a17 <= -108 ) && (a24==14)) && (a5==3))){
branch  0 never executed
branch  1 never executed
branch  2 never executed
branch  3 never executed
branch  4 never executed
branch  5 never executed
branch  6 never executed
branch  7 never executed
branch  8 never executed
branch  9 never executed
    #####: 1027:goto Goal_178;
    #####: 1028:Goal_178:;
        -: 1029:
    #####: 1030:  error_12: exit(0);
call    0 never executed
        -: 1031:  }
        -: 1032:   else { 
    #####: 1033:goto Goal_179;
    #####: 1034:Goal_179:;
    #####: 1035:}if((((((a7==12) && a2 <= 189 ) && ((111 < a17) && (255 >= a17)) ) && (a24==13)) && (a5==3))){
branch  0 never executed
branch  1 never executed
branch  2 never executed
branch  3 never executed
branch  4 never executed
branch  5 never executed
branch  6 never executed
branch  7 never executed
branch  8 never executed
branch  9 never executed
branch 10 never executed
branch 11 never executed
    #####: 1036:goto Goal_180;
    #####: 1037:Goal_180:;
        -: 1038:
    #####: 1039:  error_5: exit(0);
call    0 never executed
        -: 1040:  }
        -: 1041:   else { 
    #####: 1042:goto Goal_181;
    #####: 1043:Goal_181:;
    #####: 1044:}if((((((a7==14) && a2 <= 189 ) && ((-108 < a17) && (111 >= a17)) ) && (a24==13)) && (a5==3))){
branch  0 never executed
branch  1 never executed
branch  2 never executed
branch  3 never executed
branch  4 never executed
branch  5 never executed
branch  6 never executed
branch  7 never executed
branch  8 never executed
branch  9 never executed
branch 10 never executed
branch 11 never executed
    #####: 1045:goto Goal_182;
    #####: 1046:Goal_182:;
        -: 1047:
    #####: 1048:  error_4: exit(0);
call    0 never executed
        -: 1049:  }
        -: 1050:   else { 
    #####: 1051:goto Goal_183;
    #####: 1052:Goal_183:;
    #####: 1053:}if((((((a7==14) && a2 <= 189 ) && 255 < a17 ) && (a24==13)) && (a5==4))){
branch  0 never executed
branch  1 never executed
branch  2 never executed
branch  3 never executed
branch  4 never executed
branch  5 never executed
branch  6 never executed
branch  7 never executed
branch  8 never executed
branch  9 never executed
    #####: 1054:goto Goal_184;
    #####: 1055:Goal_184:;
        -: 1056:
    #####: 1057:  error_46: exit(0);
call    0 never executed
        -: 1058:  }
        -: 1059:   else { 
    #####: 1060:goto Goal_185;
    #####: 1061:Goal_185:;
    #####: 1062:}if((((((a7==12) && a2 <= 189 ) && ((-108 < a17) && (111 >= a17)) ) && (a24==13)) && (a5==3))){
branch  0 never executed
branch  1 never executed
branch  2 never executed
branch  3 never executed
branch  4 never executed
branch  5 never executed
branch  6 never executed
branch  7 never executed
branch  8 never executed
branch  9 never executed
branch 10 never executed
branch 11 never executed
    #####: 1063:goto Goal_186;
    #####: 1064:Goal_186:;
        -: 1065:
    #####: 1066:  error_2: exit(0);
call    0 never executed
        -: 1067:  }
        -: 1068:   else { 
    #####: 1069:goto Goal_187;
    #####: 1070:Goal_187:;
    #####: 1071:}if((((((a7==14) && a2 <= 189 ) && ((111 < a17) && (255 >= a17)) ) && (a24==15)) && (a5==3))){
branch  0 never executed
branch  1 never executed
branch  2 never executed
branch  3 never executed
branch  4 never executed
branch  5 never executed
branch  6 never executed
branch  7 never executed
branch  8 never executed
branch  9 never executed
branch 10 never executed
branch 11 never executed
    #####: 1072:goto Goal_188;
    #####: 1073:Goal_188:;
        -: 1074:
    #####: 1075:  error_31: exit(0);
call    0 never executed
        -: 1076:  }
        -: 1077:   else { 
    #####: 1078:goto Goal_189;
    #####: 1079:Goal_189:;
    #####: 1080:}if((((((a7==14) && a2 <= 189 ) && 255 < a17 ) && (a24==14)) && (a5==3))){
branch  0 never executed
branch  1 never executed
branch  2 never executed
branch  3 never executed
branch  4 never executed
branch  5 never executed
branch  6 never executed
branch  7 never executed
branch  8 never executed
branch  9 never executed
    #####: 1081:goto Goal_190;
    #####: 1082:Goal_190:;
        -: 1083:
    #####: 1084:  error_22: exit(0);
call    0 never executed
        -: 1085:  }
        -: 1086:   else { 
    #####: 1087:goto Goal_191;
    #####: 1088:Goal_191:;
    #####: 1089:}if((((((a7==14) && a2 <= 189 ) && ((-108 < a17) && (111 >= a17)) ) && (a24==14)) && (a5==3))){
branch  0 never executed
branch  1 never executed
branch  2 never executed
branch  3 never executed
branch  4 never executed
branch  5 never executed
branch  6 never executed
branch  7 never executed
branch  8 never executed
branch  9 never executed
branch 10 never executed
branch 11 never executed
    #####: 1090:goto Goal_192;
    #####: 1091:Goal_192:;
        -: 1092:
    #####: 1093:  error_16: exit(0);
call    0 never executed
        -: 1094:  }
        -: 1095:   else { 
    #####: 1096:goto Goal_193;
    #####: 1097:Goal_193:;
    #####: 1098:}if((((((a7==13) && a2 <= 189 ) && 255 < a17 ) && (a24==13)) && (a5==3))){
branch  0 never executed
branch  1 never executed
branch  2 never executed
branch  3 never executed
branch  4 never executed
branch  5 never executed
branch  6 never executed
branch  7 never executed
branch  8 never executed
branch  9 never executed
    #####: 1099:goto Goal_194;
    #####: 1100:Goal_194:;
        -: 1101:
    #####: 1102:  error_9: exit(0);
call    0 never executed
        -: 1103:  }
        -: 1104:
        -: 1105:      else { 
    #####: 1106:goto Goal_195;
    #####: 1107:Goal_195:;
    #####: 1108:}if(((( ((189 < a2) && (281 >= a2)) && ((input == 4) && (((a7==12) && 255 < a17 ) || (((a7==13) && ((111 < a17) && (255 >= a17)) ) || ( ((111 < a17) && (255 >= a17)) && (a7==14)))))) && (a5==4)) && (a24==14))){
branch  0 never executed
branch  1 never executed
branch  2 never executed
branch  3 never executed
branch  4 never executed
branch  5 never executed
branch  6 never executed
branch  7 never executed
branch  8 never executed
branch  9 never executed
branch 10 never executed
branch 11 never executed
branch 12 never executed
branch 13 never executed
branch 14 never executed
branch 15 never executed
branch 16 never executed
branch 17 never executed
branch 18 never executed
branch 19 never executed
branch 20 never executed
branch 21 never executed
branch 22 never executed
branch 23 never executed
branch 24 never executed
branch 25 never executed
    #####: 1109:goto Goal_196;
    #####: 1110:Goal_196:;
        -: 1111:
    #####: 1112:      a17 = (((((a17 % 109)+ -11) - 547674) + -15873) - -563482);
    #####: 1113:       a7 = 12;
        -: 1114:
    #####: 1115:       return -1;
    #####: 1116:     } else if(((((a24==13) && (((input == 2) && ((a7==13) || (a7==14))) && (a5==3))) && a17 <= -108 ) && ((189 < a2) && (281 >= a2)) )){
branch  0 never executed
branch  1 never executed
branch  2 never executed
branch  3 never executed
branch  4 never executed
branch  5 never executed
branch  6 never executed
branch  7 never executed
branch  8 never executed
branch  9 never executed
branch 10 never executed
branch 11 never executed
branch 12 never executed
branch 13 never executed
branch 14 never executed
branch 15 never executed
    #####: 1117:goto Goal_197;
    #####: 1118:Goal_197:;
        -: 1119:
    #####: 1120:      a2 = (((a2 * -5) - -478038) / -5);
    #####: 1121:       a7 = 12;
        -: 1122:
    #####: 1123:       return -1;
    #####: 1124:     } else if((((((((a7==12) && ((111 < a17) && (255 >= a17)) ) || (( ((-108 < a17) && (111 >= a17)) && (a7==13)) || ( ((-108 < a17) && (111 >= a17)) && (a7==14)))) && (input == 1)) && (a24==14)) && ((189 < a2) && (281 >= a2)) ) && (a5==5))){
branch  0 never executed
branch  1 never executed
branch  2 never executed
branch  3 never executed
branch  4 never executed
branch  5 never executed
branch  6 never executed
branch  7 never executed
branch  8 never executed
branch  9 never executed
branch 10 never executed
branch 11 never executed
branch 12 never executed
branch 13 never executed
branch 14 never executed
branch 15 never executed
branch 16 never executed
branch 17 never executed
branch 18 never executed
branch 19 never executed
branch 20 never executed
branch 21 never executed
branch 22 never executed
branch 23 never executed
branch 24 never executed
branch 25 never executed
branch 26 never executed
branch 27 never executed
    #####: 1125:goto Goal_198;
    #####: 1126:Goal_198:;
        -: 1127:
    #####: 1128:      a2 = (((a2 - 384978) + -172247) * 1);
    #####: 1129:      a17 = (((a17 * 5) + 542386) * 1);
    #####: 1130:       a7 = 12;
    #####: 1131:       a5 = 7;
        -: 1132:
    #####: 1133:       return -1;
    #####: 1134:     } else if(((( ((189 < a2) && (281 >= a2)) && (((( a17 <= -108 && (a7==13)) || ( a17 <= -108 && (a7==14))) || ( ((-108 < a17) && (111 >= a17)) && (a7==12))) && (input == 4))) && (a5==3)) && (a24==14))){
branch  0 never executed
branch  1 never executed
branch  2 never executed
branch  3 never executed
branch  4 never executed
branch  5 never executed
branch  6 never executed
branch  7 never executed
branch  8 never executed
branch  9 never executed
branch 10 never executed
branch 11 never executed
branch 12 never executed
branch 13 never executed
branch 14 never executed
branch 15 never executed
branch 16 never executed
branch 17 never executed
branch 18 never executed
branch 19 never executed
branch 20 never executed
branch 21 never executed
branch 22 never executed
branch 23 never executed
    #####: 1135:goto Goal_199;
    #####: 1136:Goal_199:;
        -: 1137:
    #####: 1138:      a2 = ((((a2 + -131864) * 10)/ 9) - 73578);
    #####: 1139:      a17 = ((((a17 - 0) % 299946)+ -300053) * 1);
    #####: 1140:       a7 = 13;
    #####: 1141:       a5 = 4;
        -: 1142:
    #####: 1143:       return -1;
    #####: 1144:     } else if(((a5==6) && (((a24==13) && ((input == 6) && ((((a7==13) && ((111 < a17) && (255 >= a17)) ) || ((a7==14) && ((111 < a17) && (255 >= a17)) )) || ( 255 < a17 && (a7==12))))) && a2 <= 189 ))){
branch  0 never executed
branch  1 never executed
branch  2 never executed
branch  3 never executed
branch  4 never executed
branch  5 never executed
branch  6 never executed
branch  7 never executed
branch  8 never executed
branch  9 never executed
branch 10 never executed
branch 11 never executed
branch 12 never executed
branch 13 never executed
branch 14 never executed
branch 15 never executed
branch 16 never executed
branch 17 never executed
branch 18 never executed
branch 19 never executed
branch 20 never executed
branch 21 never executed
branch 22 never executed
branch 23 never executed
    #####: 1145:goto Goal_200;
    #####: 1146:Goal_200:;
        -: 1147:
    #####: 1148:      a2 = (((((a2 * 9)/ 10) % 45)+ 236) * 1);
    #####: 1149:      a17 = ((((a17 + -100855) - 172157) / 5) + 357533);
    #####: 1150:       a7 = 13;
    #####: 1151:       a24 = 14;
    #####: 1152:       a5 = 3;
        -: 1153:
    #####: 1154:       return 23;
    #####: 1155:     } else if((((a24==13) && ( ((189 < a2) && (281 >= a2)) && (((((a7==13) && ((111 < a17) && (255 >= a17)) ) || ( ((111 < a17) && (255 >= a17)) && (a7==14))) || ( 255 < a17 && (a7==12))) && (input == 3)))) && (a5==6))){
branch  0 never executed
branch  1 never executed
branch  2 never executed
branch  3 never executed
branch  4 never executed
branch  5 never executed
branch  6 never executed
branch  7 never executed
branch  8 never executed
branch  9 never executed
branch 10 never executed
branch 11 never executed
branch 12 never executed
branch 13 never executed
branch 14 never executed
branch 15 never executed
branch 16 never executed
branch 17 never executed
branch 18 never executed
branch 19 never executed
branch 20 never executed
branch 21 never executed
branch 22 never executed
branch 23 never executed
branch 24 never executed
branch 25 never executed
    #####: 1156:goto Goal_201;
    #####: 1157:Goal_201:;
        -: 1158:
    #####: 1159:      a17 = ((((a17 / 5) % 109)- -2) - 41);
    #####: 1160:       a7 = 12;
        -: 1161:
    #####: 1162:       return -1;
    #####: 1163:     } else if(((a5==4) && ( a2 <= 189 && ((((input == 1) && ((a7==13) || (a7==14))) && a17 <= -108 ) && (a24==15))))){
branch  0 never executed
branch  1 never executed
branch  2 never executed
branch  3 never executed
branch  4 never executed
branch  5 never executed
branch  6 never executed
branch  7 never executed
branch  8 never executed
branch  9 never executed
branch 10 never executed
branch 11 never executed
branch 12 never executed
branch 13 never executed
    #####: 1164:goto Goal_202;
    #####: 1165:Goal_202:;
        -: 1166:
        -: 1167:
    #####: 1168:       a7 = 12;
    #####: 1169:       a24 = 13;
    #####: 1170:       a5 = 3;
        -: 1171:
    #####: 1172:       return -1;
    #####: 1173:     } else if(((a24==15) && ((( ((189 < a2) && (281 >= a2)) && ((input == 1) && (a5==4))) && (a7==13)) && 255 < a17 ))){
branch  0 never executed
branch  1 never executed
branch  2 never executed
branch  3 never executed
branch  4 never executed
branch  5 never executed
branch  6 never executed
branch  7 never executed
branch  8 never executed
branch  9 never executed
branch 10 never executed
branch 11 never executed
branch 12 never executed
branch 13 never executed
    #####: 1174:goto Goal_203;
    #####: 1175:Goal_203:;
        -: 1176:
    #####: 1177:      a17 = ((((a17 % 71)+ 119) * 1) + -2);
    #####: 1178:       a7 = 12;
    #####: 1179:       a24 = 13;
    #####: 1180:       a5 = 3;
        -: 1181:
    #####: 1182:       return -1;
    #####: 1183:     } else if(((a5==4) && ( ((189 < a2) && (281 >= a2)) && ((a24==14) && ((( ((-108 < a17) && (111 >= a17)) && (a7==14)) || ((a7==12) && ((111 < a17) && (255 >= a17)) )) && (input == 4)))))){
branch  0 never executed
branch  1 never executed
branch  2 never executed
branch  3 never executed
branch  4 never executed
branch  5 never executed
branch  6 never executed
branch  7 never executed
branch  8 never executed
branch  9 never executed
branch 10 never executed
branch 11 never executed
branch 12 never executed
branch 13 never executed
branch 14 never executed
branch 15 never executed
branch 16 never executed
branch 17 never executed
branch 18 never executed
branch 19 never executed
branch 20 never executed
branch 21 never executed
    #####: 1184:goto Goal_204;
    #####: 1185:Goal_204:;
        -: 1186:
    #####: 1187:      a2 = (((a2 + 448263) + -951842) * 1);
    #####: 1188:      a17 = (((a17 * 5) / 5) + -274764);
    #####: 1189:       a7 = 14;
    #####: 1190:       a24 = 15;
    #####: 1191:       a5 = 5;
        -: 1192:
    #####: 1193:       return -1;
    #####: 1194:     } else if(((((a5==5) && ( a2 <= 189 && ((input == 1) && (a24==15)))) && 255 < a17 ) && (a7==14))){
branch  0 never executed
branch  1 never executed
branch  2 never executed
branch  3 never executed
branch  4 never executed
branch  5 never executed
branch  6 never executed
branch  7 never executed
branch  8 never executed
branch  9 never executed
branch 10 never executed
branch 11 never executed
    #####: 1195:goto Goal_205;
    #####: 1196:Goal_205:;
        -: 1197:
    #####: 1198:      a2 = (((((a2 % 45)+ 236) * 5) % 45)- -199);
    #####: 1199:       a7 = 13;
    #####: 1200:       a24 = 14;
        -: 1201:
    #####: 1202:       return 26;
    #####: 1203:     } else if((( a17 <= -108 && ( ((189 < a2) && (281 >= a2)) && ((((a7==14) || ((a7==12) || (a7==13))) && (input == 1)) && (a24==15)))) && (a5==5))){
branch  0 never executed
branch  1 never executed
branch  2 never executed
branch  3 never executed
branch  4 never executed
branch  5 never executed
branch  6 never executed
branch  7 never executed
branch  8 never executed
branch  9 never executed
branch 10 never executed
branch 11 never executed
branch 12 never executed
branch 13 never executed
branch 14 never executed
branch 15 never executed
branch 16 never executed
branch 17 never executed
    #####: 1204:goto Goal_206;
    #####: 1205:Goal_206:;
        -: 1206:
    #####: 1207:      a17 = (((((a17 % 109)+ 16) * 5) % 109)- -2);
    #####: 1208:       a7 = 14;
    #####: 1209:       a24 = 13;
        -: 1210:
    #####: 1211:       return -1;
    #####: 1212:     } else if((( a17 <= -108 && (( ((189 < a2) && (281 >= a2)) && (((a7==12) || (a7==13)) && (input == 5))) && (a24==13))) && (a5==6))){
branch  0 never executed
branch  1 never executed
branch  2 never executed
branch  3 never executed
branch  4 never executed
branch  5 never executed
branch  6 never executed
branch  7 never executed
branch  8 never executed
branch  9 never executed
branch 10 never executed
branch 11 never executed
branch 12 never executed
branch 13 never executed
branch 14 never executed
branch 15 never executed
    #####: 1213:goto Goal_207;
    #####: 1214:Goal_207:;
        -: 1215:
    #####: 1216:      a17 = (((((a17 + 0) - -350799) - -197891) % 71)- -182);
    #####: 1217:       a7 = 14;
    #####: 1218:       a24 = 14;
    #####: 1219:       a5 = 4;
        -: 1220:
    #####: 1221:       return -1;
    #####: 1222:     } else if((((a24==13) && ( a17 <= -108 && (((a5==4) && (input == 2)) && ((189 < a2) && (281 >= a2)) ))) && (a7==12))){
branch  0 never executed
branch  1 never executed
branch  2 never executed
branch  3 never executed
branch  4 never executed
branch  5 never executed
branch  6 never executed
branch  7 never executed
branch  8 never executed
branch  9 never executed
branch 10 never executed
branch 11 never executed
branch 12 never executed
branch 13 never executed
    #####: 1223:goto Goal_208;
    #####: 1224:Goal_208:;
        -: 1225:
    #####: 1226:      a17 = ((((((a17 - 0) * 9)/ 10) / 5) % 109)- -93);
    #####: 1227:       a7 = 14;
    #####: 1228:       a24 = 15;
    #####: 1229:       a5 = 3;
        -: 1230:
    #####: 1231:       return -1;
    #####: 1232:     } else if((((a5==3) && ( ((-108 < a17) && (111 >= a17)) && ((a24==13) && (((a7==12) || (a7==13)) && (input == 4))))) && ((189 < a2) && (281 >= a2)) )){
branch  0 never executed
branch  1 never executed
branch  2 never executed
branch  3 never executed
branch  4 never executed
branch  5 never executed
branch  6 never executed
branch  7 never executed
branch  8 never executed
branch  9 never executed
branch 10 never executed
branch 11 never executed
branch 12 never executed
branch 13 never executed
branch 14 never executed
branch 15 never executed
branch 16 never executed
branch 17 never executed
    #####: 1233:goto Goal_209;
    #####: 1234:Goal_209:;
        -: 1235:
        -: 1236:
    #####: 1237:       a7 = 12;
        -: 1238:
    #####: 1239:       return 26;
    #####: 1240:     } else if(( ((111 < a17) && (255 >= a17)) && ((a5==4) && ( a2 <= 189 && ((a24==15) && (((a7==13) || (a7==14)) && (input == 5))))))){
branch  0 never executed
branch  1 never executed
branch  2 never executed
branch  3 never executed
branch  4 never executed
branch  5 never executed
branch  6 never executed
branch  7 never executed
branch  8 never executed
branch  9 never executed
branch 10 never executed
branch 11 never executed
branch 12 never executed
branch 13 never executed
branch 14 never executed
branch 15 never executed
    #####: 1241:goto Goal_210;
    #####: 1242:Goal_210:;
        -: 1243:
    #####: 1244:      a17 = ((((a17 - 135275) * 10)/ 9) * 3);
    #####: 1245:       a7 = 13;
    #####: 1246:       a5 = 5;
        -: 1247:
    #####: 1248:       return 23;
    #####: 1249:     } else if(( a2 <= 189 && ((((( ((-108 < a17) && (111 >= a17)) && (a7==14)) || ( ((111 < a17) && (255 >= a17)) && (a7==12))) && (input == 6)) && (a5==7)) && (a24==13)))){
branch  0 never executed
branch  1 never executed
branch  2 never executed
branch  3 never executed
branch  4 never executed
branch  5 never executed
branch  6 never executed
branch  7 never executed
branch  8 never executed
branch  9 never executed
branch 10 never executed
branch 11 never executed
branch 12 never executed
branch 13 never executed
branch 14 never executed
branch 15 never executed
branch 16 never executed
branch 17 never executed
branch 18 never executed
branch 19 never executed
    #####: 1250:goto Goal_211;
    #####: 1251:Goal_211:;
        -: 1252:
    #####: 1253:      a17 = ((((a17 % 109)+ 2) - 1) - -2);
    #####: 1254:       a7 = 12;
    #####: 1255:       a24 = 15;
    #####: 1256:       a5 = 4;
        -: 1257:
    #####: 1258:       return -1;
    #####: 1259:     } else if(((((((a24==13) && ( a17 <= -108 && (a7==13))) && (a5==5)) || (((a5==4) && ((a24==15) && ((a7==14) && 255 < a17 ))) || ((a5==5) && ((a24==13) && ((a7==12) && a17 <= -108 ))))) && (input == 1)) && ((189 < a2) && (281 >= a2)) )){
branch  0 never executed
branch  1 never executed
branch  2 never executed
branch  3 never executed
branch  4 never executed
branch  5 never executed
branch  6 never executed
branch  7 never executed
branch  8 never executed
branch  9 never executed
branch 10 never executed
branch 11 never executed
branch 12 never executed
branch 13 never executed
branch 14 never executed
branch 15 never executed
branch 16 never executed
branch 17 never executed
branch 18 never executed
branch 19 never executed
branch 20 never executed
branch 21 never executed
branch 22 never executed
branch 23 never executed
branch 24 never executed
branch 25 never executed
branch 26 never executed
branch 27 never executed
branch 28 never executed
branch 29 never executed
    #####: 1260:goto Goal_212;
    #####: 1261:Goal_212:;
        -: 1262:
    #####: 1263:      a17 = (((((a17 - 0) % 109)- -2) + -577173) + 577173);
    #####: 1264:       a7 = 14;
    #####: 1265:       a24 = 13;
    #####: 1266:       a5 = 3;
        -: 1267:
    #####: 1268:       return -1;
    #####: 1269:     } else if(((((a24==13) && ((((a7==13) || (a7==14)) && (input == 5)) && ((189 < a2) && (281 >= a2)) )) && (a5==3)) && a17 <= -108 )){
branch  0 never executed
branch  1 never executed
branch  2 never executed
branch  3 never executed
branch  4 never executed
branch  5 never executed
branch  6 never executed
branch  7 never executed
branch  8 never executed
branch  9 never executed
branch 10 never executed
branch 11 never executed
branch 12 never executed
branch 13 never executed
branch 14 never executed
branch 15 never executed
    #####: 1270:goto Goal_213;
    #####: 1271:Goal_213:;
        -: 1272:
    #####: 1273:      a2 = (((a2 + -532580) * 1) + -62227);
    #####: 1274:       a7 = 14;
    #####: 1275:       a24 = 14;
    #####: 1276:       a5 = 5;
        -: 1277:
    #####: 1278:       return -1;
    #####: 1279:     } else if((((a5==4) && ((((input == 5) && ((a7==12) || (a7==13))) && (a24==14)) && ((189 < a2) && (281 >= a2)) )) && a17 <= -108 )){
branch  0 never executed
branch  1 never executed
branch  2 never executed
branch  3 never executed
branch  4 never executed
branch  5 never executed
branch  6 never executed
branch  7 never executed
branch  8 never executed
branch  9 never executed
branch 10 never executed
branch 11 never executed
branch 12 never executed
branch 13 never executed
branch 14 never executed
branch 15 never executed
    #####: 1280:goto Goal_214;
    #####: 1281:Goal_214:;
        -: 1282:
    #####: 1283:      a2 = (((a2 * 5) / -5) / 5);
    #####: 1284:      a17 = (((((a17 % 109)+ 4) * 5) % 109)+ 1);
    #####: 1285:       a7 = 13;
    #####: 1286:       a5 = 7;
        -: 1287:
    #####: 1288:       return -1;
    #####: 1289:     } else if(((a24==14) && ((a5==3) && (((( ((-108 < a17) && (111 >= a17)) && (a7==12)) || (( a17 <= -108 && (a7==13)) || ((a7==14) && a17 <= -108 ))) && (input == 2)) && ((189 < a2) && (281 >= a2)) )))){
branch  0 never executed
branch  1 never executed
branch  2 never executed
branch  3 never executed
branch  4 never executed
branch  5 never executed
branch  6 never executed
branch  7 never executed
branch  8 never executed
branch  9 never executed
branch 10 never executed
branch 11 never executed
branch 12 never executed
branch 13 never executed
branch 14 never executed
branch 15 never executed
branch 16 never executed
branch 17 never executed
branch 18 never executed
branch 19 never executed
branch 20 never executed
branch 21 never executed
branch 22 never executed
branch 23 never executed
    #####: 1290:goto Goal_215;
    #####: 1291:Goal_215:;
        -: 1292:
    #####: 1293:      a2 = (((a2 - 260500) / 5) + -428690);
    #####: 1294:      a17 = ((((a17 % 71)- -184) * 1) - -1);
    #####: 1295:       a7 = 12;
    #####: 1296:       a24 = 15;
    #####: 1297:       a5 = 4;
        -: 1298:
    #####: 1299:       return 23;
    #####: 1300:     } else if(((((a5==4) && (((input == 1) && (a24==15)) && ((-108 < a17) && (111 >= a17)) )) && a2 <= 189 ) && (a7==12))){
branch  0 never executed
branch  1 never executed
branch  2 never executed
branch  3 never executed
branch  4 never executed
branch  5 never executed
branch  6 never executed
branch  7 never executed
branch  8 never executed
branch  9 never executed
branch 10 never executed
branch 11 never executed
branch 12 never executed
branch 13 never executed
    #####: 1301:goto Goal_216;
    #####: 1302:Goal_216:;
        -: 1303:
        -: 1304:
    #####: 1305:       a24 = 13;
    #####: 1306:       a5 = 5;
        -: 1307:
    #####: 1308:       return 23;
    #####: 1309:     } else if(( a2 <= 189 && (((a5==4) && (((input == 2) && (a24==15)) && (a7==12))) && ((-108 < a17) && (111 >= a17)) ))){
branch  0 never executed
branch  1 never executed
branch  2 never executed
branch  3 never executed
branch  4 never executed
branch  5 never executed
branch  6 never executed
branch  7 never executed
branch  8 never executed
branch  9 never executed
branch 10 never executed
branch 11 never executed
branch 12 never executed
branch 13 never executed
    #####: 1310:goto Goal_217;
    #####: 1311:Goal_217:;
        -: 1312:
        -: 1313:
    #####: 1314:       a7 = 14;
    #####: 1315:       a24 = 13;
    #####: 1316:       a5 = 5;
        -: 1317:
    #####: 1318:       return 26;
    #####: 1319:     } else if(((a24==13) && ( ((-108 < a17) && (111 >= a17)) && ((a5==5) && (((input == 2) && a2 <= 189 ) && (a7==14)))))){
branch  0 never executed
branch  1 never executed
branch  2 never executed
branch  3 never executed
branch  4 never executed
branch  5 never executed
branch  6 never executed
branch  7 never executed
branch  8 never executed
branch  9 never executed
branch 10 never executed
branch 11 never executed
branch 12 never executed
branch 13 never executed
    #####: 1320:goto Goal_218;
    #####: 1321:Goal_218:;
        -: 1322:
        -: 1323:
    #####: 1324:       a7 = 13;
    #####: 1325:       a24 = 15;
    #####: 1326:       a5 = 6;
        -: 1327:
    #####: 1328:       return 26;
[...]
    #####: 7566:       a7 = 12;
    #####: 7567:       a24 = 13;
        -: 7568:
    #####: 7569:       return -1;
    #####: 7570:     } else if(((a24==14) && ((a7==13) && ((( ((189 < a2) && (281 >= a2)) && (input == 5)) && ((-108 < a17) && (111 >= a17)) ) && (a5==4))))){
branch  0 never executed
branch  1 never executed
branch  2 never executed
branch  3 never executed
branch  4 never executed
branch  5 never executed
branch  6 never executed
branch  7 never executed
branch  8 never executed
branch  9 never executed
branch 10 never executed
branch 11 never executed
branch 12 never executed
branch 13 never executed
branch 14 never executed
branch 15 never executed
    #####: 7571:goto Goal_862;
    #####: 7572:Goal_862:;
        -: 7573:
        -: 7574:
    #####: 7575:       return 23;
    #####: 7576:     } else if(( a2 <= 189 && ((((((a7==13) || (a7==14)) && (input == 3)) && (a24==15)) && (a5==6)) && ((111 < a17) && (255 >= a17)) ))){
branch  0 never executed
branch  1 never executed
branch  2 never executed
branch  3 never executed
branch  4 never executed
branch  5 never executed
branch  6 never executed
branch  7 never executed
branch  8 never executed
branch  9 never executed
branch 10 never executed
branch 11 never executed
branch 12 never executed
branch 13 never executed
branch 14 never executed
branch 15 never executed
    #####: 7577:goto Goal_863;
    #####: 7578:Goal_863:;
        -: 7579:
        -: 7580:
    #####: 7581:       a7 = 14;
        -: 7582:
    #####: 7583:       return 21;
    #####: 7584:     } else if(((a7==13) && ( a17 <= -108 && ( a2 <= 189 && (((input == 5) && (a24==15)) && (a5==6)))))){
branch  0 never executed
branch  1 never executed
branch  2 never executed
branch  3 never executed
branch  4 never executed
branch  5 never executed
branch  6 never executed
branch  7 never executed
branch  8 never executed
branch  9 never executed
branch 10 never executed
branch 11 never executed
    #####: 7585:goto Goal_864;
    #####: 7586:Goal_864:;
        -: 7587:
        -: 7588:
    #####: 7589:       return 23;
    #####: 7590:     } else if(((a24==14) && (((a5==5) && (( a2 <= 189 && (input == 6)) && a17 <= -108 )) && (a7==14)))){
branch  0 never executed
branch  1 never executed
branch  2 never executed
branch  3 never executed
branch  4 never executed
branch  5 never executed
branch  6 never executed
branch  7 never executed
branch  8 never executed
branch  9 never executed
branch 10 never executed
branch 11 never executed
    #####: 7591:goto Goal_865;
    #####: 7592:Goal_865:;
        -: 7593:
        -: 7594:
    #####: 7595:       a7 = 12;
    #####: 7596:       a24 = 13;
    #####: 7597:       a5 = 3;
        -: 7598:
    #####: 7599:       return -1;
    #####: 7600:     } else if(( ((189 < a2) && (281 >= a2)) && ((a24==15) && ((a5==5) && ( a17 <= -108 && ((input == 4) && (((a7==12) || (a7==13)) || (a7==14)))))))){
branch  0 never executed
branch  1 never executed
branch  2 never executed
branch  3 never executed
branch  4 never executed
branch  5 never executed
branch  6 never executed
branch  7 never executed
branch  8 never executed
branch  9 never executed
branch 10 never executed
branch 11 never executed
branch 12 never executed
branch 13 never executed
branch 14 never executed
branch 15 never executed
branch 16 never executed
branch 17 never executed
    #####: 7601:goto Goal_866;
    #####: 7602:Goal_866:;
        -: 7603:
        -: 7604:
    #####: 7605:       a7 = 14;
    #####: 7606:       a24 = 14;
        -: 7607:
    #####: 7608:       return -1;
    #####: 7609:     } else if(((((((((a7==12) || (a7==13)) || (a7==14)) && (input == 1)) && (a5==7)) && a2 <= 189 ) && ((111 < a17) && (255 >= a17)) ) && (a24==15))){
branch  0 never executed
branch  1 never executed
branch  2 never executed
branch  3 never executed
branch  4 never executed
branch  5 never executed
branch  6 never executed
branch  7 never executed
branch  8 never executed
branch  9 never executed
branch 10 never executed
branch 11 never executed
branch 12 never executed
branch 13 never executed
branch 14 never executed
branch 15 never executed
branch 16 never executed
branch 17 never executed
    #####: 7610:goto Goal_867;
    #####: 7611:Goal_867:;
        -: 7612:
        -: 7613:
    #####: 7614:       a7 = 12;
    #####: 7615:       a24 = 14;
        -: 7616:
    #####: 7617:       return -1;
    #####: 7618:     } else if(( a2 <= 189 && ((((((a24==15) && ( 255 < a17 && (a7==14))) && (a5==4)) || ((a5==5) && (( a17 <= -108 && (a7==12)) && (a24==13)))) || ((a5==5) && (((a7==13) && a17 <= -108 ) && (a24==13)))) && (input == 5)))){
branch  0 never executed
branch  1 never executed
branch  2 never executed
branch  3 never executed
branch  4 never executed
branch  5 never executed
branch  6 never executed
branch  7 never executed
branch  8 never executed
branch  9 never executed
branch 10 never executed
branch 11 never executed
branch 12 never executed
branch 13 never executed
branch 14 never executed
branch 15 never executed
branch 16 never executed
branch 17 never executed
branch 18 never executed
branch 19 never executed
branch 20 never executed
branch 21 never executed
branch 22 never executed
branch 23 never executed
branch 24 never executed
branch 25 never executed
branch 26 never executed
branch 27 never executed
    #####: 7619:goto Goal_868;
    #####: 7620:Goal_868:;
        -: 7621:
    #####: 7622:      a17 = ((((a17 % 299946)- 300053) + -1) + 0);
    #####: 7623:       a7 = 12;
    #####: 7624:       a24 = 13;
    #####: 7625:       a5 = 3;
        -: 7626:
    #####: 7627:       return -1;
    #####: 7628:     } else if(( 255 < a17 && (((a5==6) && (((input == 6) && (a24==13)) && ((189 < a2) && (281 >= a2)) )) && (a7==13)))){
branch  0 never executed
branch  1 never executed
branch  2 never executed
branch  3 never executed
branch  4 never executed
branch  5 never executed
branch  6 never executed
branch  7 never executed
branch  8 never executed
branch  9 never executed
branch 10 never executed
branch 11 never executed
branch 12 never executed
branch 13 never executed
    #####: 7629:goto Goal_869;
    #####: 7630:Goal_869:;
        -: 7631:
    #####: 7632:      a2 = (((a2 + -559930) - -930633) - 537732);
    #####: 7633:      a17 = (((a17 - 600136) * 1) - 66);
    #####: 7634:       a7 = 12;
    #####: 7635:       a5 = 3;
        -: 7636:
    #####: 7637:       return -1;
    #####: 7638:     } else if(( ((189 < a2) && (281 >= a2)) && ( ((-108 < a17) && (111 >= a17)) && (((a24==15) && ((input == 2) && ((a7==13) || (a7==14)))) && (a5==5))))){
branch  0 never executed
branch  1 never executed
branch  2 never executed
branch  3 never executed
branch  4 never executed
branch  5 never executed
branch  6 never executed
branch  7 never executed
branch  8 never executed
branch  9 never executed
branch 10 never executed
branch 11 never executed
branch 12 never executed
branch 13 never executed
branch 14 never executed
branch 15 never executed
branch 16 never executed
branch 17 never executed
    #####: 7639:goto Goal_870;
    #####: 7640:Goal_870:;
        -: 7641:
    #####: 7642:      a2 = ((((a2 * -5) * 10)/ 9) * 5);
    #####: 7643:      a17 = (((a17 - 416379) / 5) * 5);
    #####: 7644:       a7 = 12;
    #####: 7645:       a24 = 13;
    #####: 7646:       a5 = 3;
        -: 7647:
    #####: 7648:       return -1;
    #####: 7649:     } else if(((( ((189 < a2) && (281 >= a2)) && ((a24==15) && ((input == 3) && (((a7==12) || (a7==13)) || (a7==14))))) && a17 <= -108 ) && (a5==4))){
branch  0 never executed
branch  1 never executed
branch  2 never executed
branch  3 never executed
branch  4 never executed
branch  5 never executed
branch  6 never executed
branch  7 never executed
branch  8 never executed
branch  9 never executed
branch 10 never executed
branch 11 never executed
branch 12 never executed
branch 13 never executed
branch 14 never executed
branch 15 never executed
branch 16 never executed
branch 17 never executed
    #####: 7650:goto Goal_871;
    #####: 7651:Goal_871:;
        -: 7652:
    #####: 7653:      a2 = (((a2 / 5) + -106387) + -147146);
    #####: 7654:      a17 = ((((a17 % 299872)- -300127) - -270865) + 27768);
    #####: 7655:       a7 = 12;
    #####: 7656:       a5 = 7;
        -: 7657:
    #####: 7658:       return -1;
    #####: 7659:     } else if(((( ((189 < a2) && (281 >= a2)) && ((a5==5) && ((a24==15) && (input == 5)))) && (a7==12)) && ((-108 < a17) && (111 >= a17)) )){
branch  0 never executed
branch  1 never executed
branch  2 never executed
branch  3 never executed
branch  4 never executed
branch  5 never executed
branch  6 never executed
branch  7 never executed
branch  8 never executed
branch  9 never executed
branch 10 never executed
branch 11 never executed
branch 12 never executed
branch 13 never executed
branch 14 never executed
branch 15 never executed
    #####: 7660:goto Goal_872;
    #####: 7661:Goal_872:;
        -: 7662:
    #####: 7663:      a17 = (((a17 - -533048) + 40396) * 1);
    #####: 7664:       a7 = 13;
    #####: 7665:       a24 = 13;
        -: 7666:
    #####: 7667:       return -1;
    #####: 7668:     } else if((( ((189 < a2) && (281 >= a2)) && ((((input == 6) && (a24==15)) && (a5==4)) && (a7==12))) && ((-108 < a17) && (111 >= a17)) )){
branch  0 never executed
branch  1 never executed
branch  2 never executed
branch  3 never executed
branch  4 never executed
branch  5 never executed
branch  6 never executed
branch  7 never executed
branch  8 never executed
branch  9 never executed
branch 10 never executed
branch 11 never executed
branch 12 never executed
branch 13 never executed
branch 14 never executed
branch 15 never executed
    #####: 7669:goto Goal_873;
    #####: 7670:Goal_873:;
        -: 7671:
    #####: 7672:      a2 = (((a2 * -5) * 5) * 5);
    #####: 7673:      a17 = (((a17 - 418037) * 1) - -234835);
    #####: 7674:       a24 = 13;
    #####: 7675:       a5 = 3;
        -: 7676:
    #####: 7677:       return -1;
    #####: 7678:     } else if(((((((input == 4) && (a24==13)) && (a5==6)) && a17 <= -108 ) && (a7==14)) && ((189 < a2) && (281 >= a2)) )){
branch  0 never executed
branch  1 never executed
branch  2 never executed
branch  3 never executed
branch  4 never executed
branch  5 never executed
branch  6 never executed
branch  7 never executed
branch  8 never executed
branch  9 never executed
branch 10 never executed
branch 11 never executed
branch 12 never executed
branch 13 never executed
    #####: 7679:goto Goal_874;
    #####: 7680:Goal_874:;
        -: 7681:
        -: 7682:
    #####: 7683:       a7 = 12;
    #####: 7684:       a5 = 3;
        -: 7685:
    #####: 7686:       return -1;
    #####: 7687:     } else if(((a24==13) && ((a5==5) && ( a2 <= 189 && ((((a7==13) && ((-108 < a17) && (111 >= a17)) ) || (((a7==14) && a17 <= -108 ) || ( ((-108 < a17) && (111 >= a17)) && (a7==12)))) && (input == 2)))))){
branch  0 never executed
branch  1 never executed
branch  2 never executed
branch  3 never executed
branch  4 never executed
branch  5 never executed
branch  6 never executed
branch  7 never executed
branch  8 never executed
branch  9 never executed
branch 10 never executed
branch 11 never executed
branch 12 never executed
branch 13 never executed
branch 14 never executed
branch 15 never executed
branch 16 never executed
branch 17 never executed
branch 18 never executed
branch 19 never executed
branch 20 never executed
branch 21 never executed
branch 22 never executed
branch 23 never executed
    #####: 7688:goto Goal_875;
    #####: 7689:Goal_875:;
        -: 7690:
    #####: 7691:      a17 = ((((a17 - -453354) % 299946)+ -300053) * 1);
    #####: 7692:       a7 = 12;
    #####: 7693:       a5 = 3;
        -: 7694:
    #####: 7695:       return -1;
    #####: 7696:     } else if(((a24==15) && ( a2 <= 189 && (((((a7==12) && ((-108 < a17) && (111 >= a17)) ) || (((a7==13) && a17 <= -108 ) || ((a7==14) && a17 <= -108 ))) && (input == 5)) && (a5==7))))){
branch  0 never executed
branch  1 never executed
branch  2 never executed
branch  3 never executed
branch  4 never executed
branch  5 never executed
branch  6 never executed
branch  7 never executed
branch  8 never executed
branch  9 never executed
branch 10 never executed
branch 11 never executed
branch 12 never executed
branch 13 never executed
branch 14 never executed
branch 15 never executed
branch 16 never executed
branch 17 never executed
branch 18 never executed
branch 19 never executed
branch 20 never executed
branch 21 never executed
    #####: 7697:goto Goal_876;
    #####: 7698:Goal_876:;
        -: 7699:
    #####: 7700:      a17 = ((((a17 - 0) % 299872)+ 300127) * 1);
    #####: 7701:       a7 = 13;
    #####: 7702:       a24 = 13;
    #####: 7703:       a5 = 5;
        -: 7704:
    #####: 7705:       return -1;
    #####: 7706:     } else if(( ((189 < a2) && (281 >= a2)) && ((a24==14) && ((a7==13) && (((input == 6) && (a5==3)) && ((111 < a17) && (255 >= a17)) ))))){
branch  0 never executed
branch  1 never executed
branch  2 never executed
branch  3 never executed
branch  4 never executed
branch  5 never executed
branch  6 never executed
branch  7 never executed
branch  8 never executed
branch  9 never executed
branch 10 never executed
branch 11 never executed
branch 12 never executed
branch 13 never executed
branch 14 never executed
branch 15 never executed
    #####: 7707:goto Goal_877;
    #####: 7708:Goal_877:;
        -: 7709:
        -: 7710:
    #####: 7711:       return 26;
    #####: 7712:     } else if(( 255 < a17 && ((a24==13) && (((a7==13) && ((input == 6) && a2 <= 189 )) && (a5==7))))){
branch  0 never executed
branch  1 never executed
branch  2 never executed
branch  3 never executed
branch  4 never executed
branch  5 never executed
branch  6 never executed
branch  7 never executed
branch  8 never executed
branch  9 never executed
branch 10 never executed
branch 11 never executed
    #####: 7713:goto Goal_878;
    #####: 7714:Goal_878:;
        -: 7715:
    #####: 7716:      a17 = (((((a17 % 109)+ 3) - 249216) * 2) - -498320);
    #####: 7717:       a7 = 14;
    #####: 7718:       a24 = 15;
    #####: 7719:       a5 = 4;
        -: 7720:
    #####: 7721:       return -1;
    #####: 7722:     } else if(((a24==14) && ( ((111 < a17) && (255 >= a17)) && (((a5==6) && ((input == 5) && ((a7==14) || ((a7==12) || (a7==13))))) && a2 <= 189 )))){
branch  0 never executed
branch  1 never executed
branch  2 never executed
branch  3 never executed
branch  4 never executed
branch  5 never executed
branch  6 never executed
branch  7 never executed
branch  8 never executed
branch  9 never executed
branch 10 never executed
branch 11 never executed
branch 12 never executed
branch 13 never executed
branch 14 never executed
branch 15 never executed
branch 16 never executed
branch 17 never executed
    #####: 7723:goto Goal_879;
    #####: 7724:Goal_879:;
        -: 7725:
    #####: 7726:      a2 = (((((a2 % 45)+ 234) * 5) % 45)- -233);
    #####: 7727:      a17 = ((((((a17 * 10)/ -9) + 137075) * 4) * -1)/ 10);
    #####: 7728:       a7 = 12;
    #####: 7729:       a24 = 13;
    #####: 7730:       a5 = 4;
        -: 7731:
    #####: 7732:       return 26;
    #####: 7733:     } else if(( ((189 < a2) && (281 >= a2)) && ((a5==4) && ((a24==14) && ((input == 5) && (( ((-108 < a17) && (111 >= a17)) && (a7==14)) || ( ((111 < a17) && (255 >= a17)) && (a7==12)))))))){
branch  0 never executed
branch  1 never executed
branch  2 never executed
branch  3 never executed
branch  4 never executed
branch  5 never executed
branch  6 never executed
branch  7 never executed
branch  8 never executed
branch  9 never executed
branch 10 never executed
branch 11 never executed
branch 12 never executed
branch 13 never executed
branch 14 never executed
branch 15 never executed
branch 16 never executed
branch 17 never executed
branch 18 never executed
branch 19 never executed
branch 20 never executed
branch 21 never executed
    #####: 7734:goto Goal_880;
    #####: 7735:Goal_880:;
        -: 7736:
    #####: 7737:      a2 = (((a2 / -5) + -474783) / 5);
    #####: 7738:      a17 = (((a17 - 32453) * 5) / 5);
    #####: 7739:       a7 = 14;
    #####: 7740:       a24 = 15;
    #####: 7741:       a5 = 5;
        -: 7742:
    #####: 7743:       return 23;
    #####: 7744:     } else if(( 255 < a17 && ((a24==15) && ((a5==5) && ( ((189 < a2) && (281 >= a2)) && (((a7==14) || ((a7==12) || (a7==13))) && (input == 2))))))){
branch  0 never executed
branch  1 never executed
branch  2 never executed
branch  3 never executed
branch  4 never executed
branch  5 never executed
branch  6 never executed
branch  7 never executed
branch  8 never executed
branch  9 never executed
branch 10 never executed
branch 11 never executed
branch 12 never executed
branch 13 never executed
branch 14 never executed
branch 15 never executed
branch 16 never executed
branch 17 never executed
    #####: 7745:goto Goal_881;
    #####: 7746:Goal_881:;
        -: 7747:
    #####: 7748:      a2 = (((a2 + -107856) - 174986) / 5);
    #####: 7749:      a17 = (((a17 - 83582) + -516569) * 1);
    #####: 7750:       a7 = 12;
    #####: 7751:       a24 = 13;
    #####: 7752:       a5 = 3;
        -: 7753:
    #####: 7754:       return -1;
    #####: 7755:     } else if(((((a5==5) && (((a24==13) && (input == 2)) && a2 <= 189 )) && (a7==13)) && ((111 < a17) && (255 >= a17)) )){
branch  0 never executed
branch  1 never executed
branch  2 never executed
branch  3 never executed
branch  4 never executed
branch  5 never executed
branch  6 never executed
branch  7 never executed
branch  8 never executed
branch  9 never executed
branch 10 never executed
branch 11 never executed
branch 12 never executed
branch 13 never executed
    #####: 7756:goto Goal_882;
    #####: 7757:Goal_882:;
        -: 7758:
    #####: 7759:      a17 = (((a17 - 3949) * 5) * 5);
    #####: 7760:       a7 = 12;
    #####: 7761:       a5 = 3;
        -: 7762:
    #####: 7763:       return -1;
        -: 7764:     }
        -: 7765:      else { 
    #####: 7766:goto Goal_883;
    #####: 7767:Goal_883:;
    #####: 7768:}return -2;
        -: 7769: }
        -: 7770:
function main2 called 0 returned 0% blocks executed 0%
    #####: 7771:int main2()
        -: 7772:{
        -: 7773:
    #####: 7774:    int output = -1;
        -: 7775:
        -: 7776:
        -: 7777:    while(1)
    #####: 7778:    {
    #####: 7779:goto Goal_884;
    #####: 7780:Goal_884:;
        -: 7781:
        -: 7782:
        -: 7783:        int input;
    #####: 7784:        input = __VERIFIER_nondet_int();
call    0 never executed
    #####: 7785:        if ((input != 1) && (input != 2) && (input != 3) && (input != 4) && (input != 5) && (input != 6)) {
branch  0 never executed
branch  1 never executed
branch  2 never executed
branch  3 never executed
branch  4 never executed
branch  5 never executed
branch  6 never executed
branch  7 never executed
branch  8 never executed
branch  9 never executed
branch 10 never executed
branch 11 never executed
    #####: 7786:goto Goal_886;
    #####: 7787:Goal_886:;
    #####: 7788: return -2;
        -: 7789:}
        -: 7790:
        -: 7791:
        -: 7792:         else { 
    #####: 7793:goto Goal_887;
    #####: 7794:Goal_887:;
    #####: 7795:}output = calculate_output(input);
call    0 never executed
        -: 7796:    }
        -: 7797:
        -: 7798:goto Goal_885;
        -: 7799:Goal_885:;
function main called 1 returned 0% blocks executed 62%
        1: 7800:}int main()
        -: 7801:{
        1: 7802:  if(__VERIFIER_nondet_int()) {
call    0 returned 1
branch  1 taken 1 (fallthrough)
branch  2 taken 0
        1: 7803:goto Goal_888;
        1: 7804:Goal_888:;
        -: 7805:
        1: 7806:    main1();
call    0 returned 0
        -: 7807:  } else {
    #####: 7808:goto Goal_889;
    #####: 7809:Goal_889:;
        -: 7810:
    #####: 7811:    main2();
call    0 never executed
        -: 7812:}
        -: 7813:}
