        -:    0:Source:output/instrumented_signextension2-2.c
        -:    0:Graph:output/a-harness.gcno
        -:    0:Data:output/a-harness.gcda
        -:    0:Runs:1
        -:    1:#ifdef GCOV
        -:    2:extern void __gcov_dump(void);
        -:    3:#endif
        -:    4:extern void abort(void);
        -:    5:extern void __assert_fail(const char *, const char *, unsigned int, const char *) __attribute__ ((__nothrow__ , __leaf__)) __attribute__ ((__noreturn__));
function reach_error called 1 returned 0% blocks executed 100%
        1:    6:void reach_error() {
        -:    7:#ifdef GCOV
        1:    8: __gcov_dump();
call    0 returned 0
        -:    9: #endif
    #####:   10: __assert_fail("0", "signextension2-2.c", 3, "reach_error"); }
        -:   11:
function main called 1 returned 0% blocks executed 67%
        1:   12:int main() {
        1:   13:  unsigned int allOne = -1;
        -:   14:
        1:   15:  int castToInt = allOne;
        1:   16:  long castToLong = allOne;
        1:   17:  long castToLong2 = castToInt;
        1:   18:  unsigned long castToULong = allOne;
        -:   19:
        1:   20:  if (castToInt == -1 && castToLong == 4294967295UL &&
branch  0 taken 1 (fallthrough)
branch  1 taken 0
branch  2 taken 1 (fallthrough)
branch  3 taken 0
branch  4 taken 1 (fallthrough)
branch  5 taken 0
        1:   21:      castToLong2 == -1 && castToULong == 4294967295UL) {
branch  0 taken 1 (fallthrough)
branch  1 taken 0
        1:   22:goto Goal_1;
        1:   23:Goal_1:;
        -:   24:
        1:   25:    goto ERROR;
        -:   26:  }
        -:   27:
        -:   28:   else { 
    #####:   29:goto Goal_2;
    #####:   30:Goal_2:;
    #####:   31:}return (0);
        1:   32:  ERROR: {reach_error();{
call    0 returned 0
        -:   33:#ifdef GCOV
    #####:   34:__gcov_dump();
call    0 never executed
        -:   35:#endif
    #####:   36:abort();
call    0 never executed
        -:   37:}}
        -:   38:  return (-1);
        -:   39:}
