        -:    0:Source:output/instrumented_verisec_sendmail_tTflag_arr_one_loop.c
        -:    0:Graph:output/a-harness.gcno
        -:    0:Data:output/a-harness.gcda
        -:    0:Runs:1
        -:    1:#ifdef GCOV
        -:    2:extern void __gcov_dump(void);
        -:    3:#endif
        -:    4:extern void abort(void);
        -:    5:extern void __assert_fail(const char *, const char *, unsigned int, const char *) __attribute__ ((__nothrow__ , __leaf__)) __attribute__ ((__noreturn__));
function reach_error called 0 returned 0% blocks executed 0%
    #####:    6:void reach_error() {
        -:    7:#ifdef GCOV
    #####:    8: __gcov_dump();
call    0 never executed
        -:    9: #endif
    #####:   10: __assert_fail("0", "verisec_sendmail_tTflag_arr_one_loop.c", 3, "reach_error"); }
        -:   11:
        -:   12:extern char __VERIFIER_nondet_char();
        -:   13:
function __VERIFIER_assert called 0 returned 0% blocks executed 0%
    #####:   14:void __VERIFIER_assert(int cond) {
    #####:   15:  if (!(cond)) {
branch  0 never executed
branch  1 never executed
    #####:   16:goto Goal_1;
    #####:   17:Goal_1:;
        -:   18:
    #####:   19:    ERROR: {reach_error();{
call    0 never executed
        -:   20:#ifdef GCOV
    #####:   21:__gcov_dump();
call    0 never executed
        -:   22:#endif
    #####:   23:abort();
call    0 never executed
        -:   24:}}
        -:   25:  }
        -:   26:   else { 
    #####:   27:goto Goal_2;
    #####:   28:Goal_2:;
    #####:   29:}return;
        -:   30:}
        -:   31:
function main called 1 returned 0% blocks executed 40%
        1:   32:int main (void)
        -:   33:{
        -:   34:  char in[11];
        -:   35:  char *s;
        -:   36:  unsigned char c;
        -:   37:  int i, j;
        -:   38:  int idx_in;
        2:   39:  for (i = 0; i < 11; i++) {
branch  0 taken 2
branch  1 taken 0 (fallthrough)
        2:   40:goto Goal_3;
        2:   41:Goal_3:;
        -:   42:
        2:   43:    in[i] = __VERIFIER_nondet_char();
call    0 returned 1
        -:   44:}
        -:   45:  
    #####:   46:goto Goal_4;
    #####:   47:Goal_4:;
    #####:   48:in[10] = 0;
    #####:   49:  idx_in = 0;
    #####:   50:  s = in;
    #####:   51:  i = 0;
    #####:   52:  c = in[idx_in];
    #####:   53:  while (('0' <= c) && (c <= '9'))
branch  0 never executed
branch  1 never executed
branch  2 never executed
branch  3 never executed
        -:   54:  {
    #####:   55:goto Goal_5;
    #####:   56:Goal_5:;
        -:   57:
    #####:   58:    j = c - '0';
    #####:   59:    i = i * 10U + j;
    #####:   60:    idx_in++;
    #####:   61:    c = in[idx_in];
        -:   62:  }
        -:   63:
        -:   64:  
    #####:   65:goto Goal_6;
    #####:   66:Goal_6:;
    #####:   67:__VERIFIER_assert (i >= 0);
call    0 never executed
    #####:   68:  return 0;
        -:   69:}
