        -:    0:Source:output/instrumented_implicitunsignedconversion-1.c
        -:    0:Graph:output/a-harness.gcno
        -:    0:Data:output/a-harness.gcda
        -:    0:Runs:1
        -:    1:#ifdef GCOV
        -:    2:extern void __gcov_dump(void);
        -:    3:#endif
        -:    4:extern void abort(void);
        -:    5:extern void __assert_fail(const char *, const char *, unsigned int, const char *) __attribute__ ((__nothrow__ , __leaf__)) __attribute__ ((__noreturn__));
function reach_error called 1 returned 0% blocks executed 100%
        1:    6:void reach_error() {
        -:    7:#ifdef GCOV
        1:    8: __gcov_dump();
call    0 returned 0
        -:    9: #endif
    #####:   10: __assert_fail("0", "implicitunsignedconversion-1.c", 3, "reach_error"); }
        -:   11:
function main called 1 returned 0% blocks executed 56%
        1:   12:int main() {
        1:   13:  unsigned int plus_one = 1;
        1:   14:  int minus_one = -1;
        -:   15:
        1:   16:  if(plus_one < minus_one) {
branch  0 taken 1 (fallthrough)
branch  1 taken 0
        1:   17:goto Goal_1;
        1:   18:Goal_1:;
        -:   19:
        1:   20:    goto ERROR;
        -:   21:  }
        -:   22:
        -:   23:   else { 
    #####:   24:goto Goal_2;
    #####:   25:Goal_2:;
    #####:   26:}return (0);
        1:   27:  ERROR: {reach_error();{
call    0 returned 0
        -:   28:#ifdef GCOV
    #####:   29:__gcov_dump();
call    0 never executed
        -:   30:#endif
    #####:   31:abort();
call    0 never executed
        -:   32:}}
        -:   33:  return (-1);
        -:   34:}
