        -:    0:Source:output/instrumented_implicitfloatconversion.c
        -:    0:Graph:output/a-harness.gcno
        -:    0:Data:output/a-harness.gcda
        -:    0:Runs:1
        -:    1:#ifdef GCOV
        -:    2:extern void __gcov_dump(void);
        -:    3:#endif
        -:    4:extern void abort(void);
        -:    5:extern void __assert_fail(const char *, const char *, unsigned int, const char *) __attribute__ ((__nothrow__ , __leaf__)) __attribute__ ((__noreturn__));
function reach_error called 1 returned 0% blocks executed 100%
        1:    6:void reach_error() {
        -:    7:#ifdef GCOV
        1:    8: __gcov_dump();
call    0 returned 0
        -:    9: #endif
    #####:   10: __assert_fail("0", "implicitfloatconversion.c", 3, "reach_error"); }
        -:   11:
function main called 1 returned 0% blocks executed 56%
        1:   12:int main() {
        1:   13:  float f = 1;
        1:   14:  int i = f;
        1:   15:  if (i == 1){
branch  0 taken 1 (fallthrough)
branch  1 taken 0
        1:   16:goto Goal_1;
        1:   17:Goal_1:;
        -:   18:
        1:   19:    goto ERROR;
        -:   20:  }
        -:   21:   else { 
    #####:   22:goto Goal_2;
    #####:   23:Goal_2:;
    #####:   24:}return (0);
        1:   25:  ERROR: {reach_error();{
call    0 returned 0
        -:   26:#ifdef GCOV
    #####:   27:__gcov_dump();
call    0 never executed
        -:   28:#endif
    #####:   29:abort();
call    0 never executed
        -:   30:}}
        -:   31:  return (-1);
        -:   32:}
