        -:    0:Source:output/instrumented_brs1f.c.i
        -:    0:Graph:output/a-harness.gcno
        -:    0:Data:output/a-harness.gcda
        -:    0:Runs:1
        -:    1:#ifdef GCOV
        -:    2:extern void __gcov_dump(void);
        -:    3:#endif
        -:    4:
        -:    5:
        -:    6:
        -:    7:
        -:    8:
        -:    9:
        -:   10:
        -:   11:extern void abort(void);
        -:   12:extern void __assert_fail(const char *, const char *, unsigned int, const char *) __attribute__ ((__nothrow__ , __leaf__)) __attribute__ ((__noreturn__));
function reach_error called 1 returned 0% blocks executed 100%
        1:   13:void reach_error() {
        -:   14:#ifdef GCOV
        1:   15: __gcov_dump();
call    0 returned 0
        -:   16: #endif
    #####:   17: __assert_fail("0", "brs1f.c", 10, "reach_error"); }
        -:   18:extern void abort(void);
function assume_abort_if_not called 1 returned 100% blocks executed 50%
        1:   19:void assume_abort_if_not(int cond) {
        1:   20:  if(!cond) {
branch  0 taken 0 (fallthrough)
branch  1 taken 1
    #####:   21:goto Goal_1;
    #####:   22:Goal_1:;
        -:   23:{
        -:   24:#ifdef GCOV
    #####:   25:__gcov_dump();
call    0 never executed
        -:   26:#endif
    #####:   27:abort();
call    0 never executed
        -:   28:}}
        -:   29: else { 
        1:   30:goto Goal_2;
        1:   31:Goal_2:;
        1:   32:}}
function __VERIFIER_assert called 1 returned 0% blocks executed 62%
        1:   33:void __VERIFIER_assert(int cond) { if(!(cond)) {
branch  0 taken 1 (fallthrough)
branch  1 taken 0
        1:   34:goto Goal_3;
        1:   35:Goal_3:;
        1:   36: ERROR: {reach_error();{
call    0 returned 0
        -:   37:#ifdef GCOV
    #####:   38:__gcov_dump();
call    0 never executed
        -:   39:#endif
    #####:   40:abort();
call    0 never executed
        -:   41:}} }  else { 
    #####:   42:goto Goal_4;
    #####:   43:Goal_4:;
    #####:   44:}}
        -:   45:extern int __VERIFIER_nondet_int(void);
        -:   46:void *malloc(unsigned int size);
        -:   47:
        -:   48:int N;
        -:   49:
function main called 1 returned 0% blocks executed 86%
        1:   50:int main()
        -:   51:{
        1:   52: N = __VERIFIER_nondet_int();
call    0 returned 1
        1:   53: if(N <= 0) {
branch  0 taken 0 (fallthrough)
branch  1 taken 1
    #####:   54:goto Goal_5;
    #####:   55:Goal_5:;
    #####:   56: return 1;
        -:   57:}
        -:   58:  else { 
        1:   59:goto Goal_6;
        1:   60:Goal_6:;
        1:   61:}assume_abort_if_not(N <= 2147483647/sizeof(int));
call    0 returned 1
        -:   62:
        -:   63: int i;
        -:   64: long long sum[1];
        1:   65: int *a = malloc(sizeof(int)*N);
        -:   66:
 74184433:   67: for(i=0; i<N; i++)
branch  0 taken 74184432
branch  1 taken 1 (fallthrough)
        -:   68: {
 74184432:   69:goto Goal_7;
 74184432:   70:Goal_7:;
        -:   71:
        -:   72:  if(i%1==0) {
 74184432:   73:goto Goal_9;
 74184432:   74:Goal_9:;
        -:   75:
 74184432:   76:   a[i] = 1;
        -:   77:  } else {
        -:   78:goto Goal_10;
        -:   79:Goal_10:;
        -:   80:
        -:   81:   a[i] = 0;
        -:   82:  }
        -:   83: }
        -:   84:
        -:   85: 
        1:   86:goto Goal_8;
        1:   87:Goal_8:;
 74184433:   88:for(i=0; i<N; i++)
branch  0 taken 74184432
branch  1 taken 1 (fallthrough)
        -:   89: {
 74184432:   90:goto Goal_11;
 74184432:   91:Goal_11:;
        -:   92:
 74184432:   93:  if(i==0) {
branch  0 taken 1 (fallthrough)
branch  1 taken 74184431
        1:   94:goto Goal_13;
        1:   95:Goal_13:;
        -:   96:
        1:   97:   sum[0] = N/2 + 10;
        -:   98:  } else {
 74184431:   99:goto Goal_14;
 74184431:  100:Goal_14:;
        -:  101:
 74184431:  102:   sum[0] = sum[0] + a[i];
        -:  103:  }
        -:  104: }
        -:  105: 
        1:  106:goto Goal_12;
        1:  107:Goal_12:;
        1:  108:__VERIFIER_assert(sum[0] <= N);
call    0 returned 0
    #####:  109: return 1;
        -:  110:}
