        -:    0:Source:output/instrumented_array_of_struct_loop_dep.i
        -:    0:Graph:output/a-harness.gcno
        -:    0:Data:output/a-harness.gcda
        -:    0:Runs:1
        -:    1:#ifdef GCOV
        -:    2:extern void __gcov_dump(void);
        -:    3:#endif
        -:    4:extern void abort(void);
        -:    5:
        -:    6:extern void __assert_fail (const char *__assertion, const char *__file,
        -:    7:      unsigned int __line, const char *__function)
        -:    8:     __attribute__ ((__nothrow__ , __leaf__)) __attribute__ ((__noreturn__));
        -:    9:extern void __assert_perror_fail (int __errnum, const char *__file,
        -:   10:      unsigned int __line, const char *__function)
        -:   11:     __attribute__ ((__nothrow__ , __leaf__)) __attribute__ ((__noreturn__));
        -:   12:extern void __assert (const char *__assertion, const char *__file, int __line)
        -:   13:     __attribute__ ((__nothrow__ , __leaf__)) __attribute__ ((__noreturn__));
        -:   14:
function reach_error called 1 returned 0% blocks executed 100%
        1:   15:void reach_error() { ((void) sizeof ((0) ? ({
        -:   16:goto Goal_1;
        -:   17:Goal_1:;
        -:   18:1;}) : ({
        -:   19:goto Goal_2;
        -:   20:Goal_2:;
        -:   21:0;})), __extension__ ({ if (0) {
        -:   22:goto Goal_3;
        -:   23:Goal_3:;
        -:   24: ; } else {
        1:   25:goto Goal_4;
        1:   26:Goal_4:;
        -:   27:
        -:   28:#ifdef GCOV
        1:   29: __gcov_dump();
call    0 returned 0
        -:   30: #endif
    #####:   31: __assert_fail ("0", "array_of_struct_loop_dep.c", 3, __extension__ __PRETTY_FUNCTION__); 
        -:   32:}})); }
function __VERIFIER_assert called 2 returned 50% blocks executed 75%
        2:   33:void __VERIFIER_assert(int cond) { if(!(cond)) {
branch  0 taken 1 (fallthrough)
branch  1 taken 1
        1:   34:goto Goal_5;
        1:   35:Goal_5:;
        1:   36: ERROR: {reach_error();{
call    0 returned 0
        -:   37:#ifdef GCOV
    #####:   38:__gcov_dump();
call    0 never executed
        -:   39:#endif
    #####:   40:abort();
call    0 never executed
        -:   41:}} }  else { 
        1:   42:goto Goal_6;
        1:   43:Goal_6:;
        1:   44:}}
        -:   45:struct _S
        -:   46:{
        -:   47: int n;
        -:   48:};
        -:   49:typedef struct _S S;
        -:   50:S a[100000];
function main called 1 returned 0% blocks executed 78%
        1:   51:int main()
        -:   52:{
        -:   53: int i;
   100001:   54: for(i = 0; i < 100000; i++)
branch  0 taken 100000
branch  1 taken 1 (fallthrough)
        -:   55: {
   100000:   56:goto Goal_7;
   100000:   57:Goal_7:;
        -:   58:
   100000:   59:  a[i].n = 10;
        -:   60: }
        -:   61: 
        1:   62:goto Goal_8;
        1:   63:Goal_8:;
        2:   64:for(i = 0; i < 100000; i++)
branch  0 taken 2
branch  1 taken 0 (fallthrough)
        -:   65: {
        2:   66:goto Goal_9;
        2:   67:Goal_9:;
        -:   68:
        2:   69:  __VERIFIER_assert(a[i].n == 10);
call    0 returned 1
        1:   70:  if(i+1 != 15000) {
branch  0 taken 1 (fallthrough)
branch  1 taken 0
        1:   71:goto Goal_11;
        1:   72:Goal_11:;
        -:   73:
        1:   74:   a[i+1].n = 20;
        -:   75:}
        -:   76:  else { 
    #####:   77:goto Goal_12;
    #####:   78:Goal_12:;
        -:   79:}}
        -:   80: 
    #####:   81:goto Goal_10;
    #####:   82:Goal_10:;
    #####:   83:return 0;
        -:   84:}
