        -:    0:Source:output/instrumented_nested_1b.c
        -:    0:Graph:output/a-harness.gcno
        -:    0:Data:output/a-harness.gcda
        -:    0:Runs:1
        -:    1:#ifdef GCOV
        -:    2:extern void __gcov_dump(void);
        -:    3:#endif
        -:    4:extern void __assert_fail(const char *, const char *, unsigned int, const char *) __attribute__ ((__nothrow__ , __leaf__)) __attribute__ ((__noreturn__));
function reach_error called 1 returned 0% blocks executed 100%
        1:    5:void reach_error() {
        -:    6:#ifdef GCOV
        1:    7: __gcov_dump();
call    0 returned 0
        -:    8: #endif
    #####:    9: __assert_fail("0", "nested_1b.c", 13, "reach_error"); }
        -:   10:
function main called 1 returned 0% blocks executed 75%
        1:   11:int main() {
        1:   12: int a = 6;
        -:   13:
        -:   14:
        7:   15: for(a = 0; a < 6; ++a) {
branch  0 taken 6
branch  1 taken 1 (fallthrough)
        6:   16:goto Goal_1;
        6:   17:Goal_1:;
        -:   18:
        -:   19:
        -:   20: }
        -:   21: 
        1:   22:goto Goal_2;
        1:   23:Goal_2:;
        1:   24:if(a == 6 ) {
branch  0 taken 1 (fallthrough)
branch  1 taken 0
        1:   25:goto Goal_3;
        1:   26:Goal_3:;
        -:   27:
        1:   28:  reach_error();
call    0 returned 0
        -:   29: }
        -:   30:  else { 
    #####:   31:goto Goal_4;
    #####:   32:Goal_4:;
    #####:   33:}return 1;
        -:   34:}
