        -:    0:Source:output/instrumented_array_2-1.i
        -:    0:Graph:output/a-harness.gcno
        -:    0:Data:output/a-harness.gcda
        -:    0:Runs:1
        -:    1:#ifdef GCOV
        -:    2:extern void __gcov_dump(void);
        -:    3:#endif
        -:    4:extern void abort(void);
        -:    5:
        -:    6:extern void __assert_fail (const char *__assertion, const char *__file,
        -:    7:      unsigned int __line, const char *__function)
        -:    8:     __attribute__ ((__nothrow__ , __leaf__)) __attribute__ ((__noreturn__));
        -:    9:extern void __assert_perror_fail (int __errnum, const char *__file,
        -:   10:      unsigned int __line, const char *__function)
        -:   11:     __attribute__ ((__nothrow__ , __leaf__)) __attribute__ ((__noreturn__));
        -:   12:extern void __assert (const char *__assertion, const char *__file, int __line)
        -:   13:     __attribute__ ((__nothrow__ , __leaf__)) __attribute__ ((__noreturn__));
        -:   14:
function reach_error called 0 returned 0% blocks executed 0%
    #####:   15:void reach_error() { ((void) sizeof ((0) ? ({
        -:   16:goto Goal_1;
        -:   17:Goal_1:;
        -:   18:1;}) : ({
        -:   19:goto Goal_2;
        -:   20:Goal_2:;
        -:   21:0;})), __extension__ ({ if (0) {
        -:   22:goto Goal_3;
        -:   23:Goal_3:;
        -:   24: ; } else {
    #####:   25:goto Goal_4;
    #####:   26:Goal_4:;
        -:   27:
        -:   28:#ifdef GCOV
    #####:   29: __gcov_dump();
call    0 never executed
        -:   30: #endif
    #####:   31: __assert_fail ("0", "array_2-1.c", 3, __extension__ __PRETTY_FUNCTION__); 
        -:   32:}})); }
        -:   33:extern int __VERIFIER_nondet_int(void);
function __VERIFIER_assert called 0 returned 0% blocks executed 0%
    #####:   34:void __VERIFIER_assert(int cond) {
    #####:   35:  if (!(cond)) {
branch  0 never executed
branch  1 never executed
    #####:   36:goto Goal_5;
    #####:   37:Goal_5:;
        -:   38:
    #####:   39:    ERROR: {reach_error();{
call    0 never executed
        -:   40:#ifdef GCOV
    #####:   41:__gcov_dump();
call    0 never executed
        -:   42:#endif
    #####:   43:abort();
call    0 never executed
        -:   44:}}
        -:   45:  }
        -:   46:   else { 
    #####:   47:goto Goal_6;
    #####:   48:Goal_6:;
    #####:   49:}return;
        -:   50:}
function main called 1 returned 0% blocks executed 40%
        1:   51:int main(void) {
        -:   52:  int A[2048];
        -:   53:  int B[2048];
        -:   54:  int i;
        -:   55:  int tmp;
       1*:   56:  for (i = 0; i < 2048; i++) {
branch  0 taken 1
branch  1 taken 0 (fallthrough)
        1:   57:goto Goal_7;
        1:   58:Goal_7:;
        -:   59:
        1:   60:    A[i] = __VERIFIER_nondet_int();
call    0 returned 1
       1*:   61:    B[i] = __VERIFIER_nondet_int();
call    0 returned 0
        -:   62:  }
        -:   63:  
    #####:   64:goto Goal_8;
    #####:   65:Goal_8:;
    #####:   66:for (i = 0; i < 2048; i++) {
branch  0 never executed
branch  1 never executed
    #####:   67:goto Goal_9;
    #####:   68:Goal_9:;
        -:   69:
    #####:   70:    tmp = A[i];
    #####:   71:    B[i] = tmp;
        -:   72:  }
        -:   73:  
    #####:   74:goto Goal_10;
    #####:   75:Goal_10:;
    #####:   76:__VERIFIER_assert(A[2048/2] != B[2048/2]);
call    0 never executed
        -:   77:}
