        -:    0:Source:output/instrumented_recHanoi03-1.c
        -:    0:Graph:output/a-harness.gcno
        -:    0:Data:output/a-harness.gcda
        -:    0:Runs:1
        -:    1:#ifdef GCOV
        -:    2:extern void __gcov_dump(void);
        -:    3:#endif
        -:    4:extern void abort(void);
        -:    5:extern void __assert_fail(const char *, const char *, unsigned int, const char *) __attribute__ ((__nothrow__ , __leaf__)) __attribute__ ((__noreturn__));
function reach_error called 1 returned 0% blocks executed 100%
        1:    6:void reach_error() {
        -:    7:#ifdef GCOV
        1:    8: __gcov_dump();
call    0 returned 0
        -:    9: #endif
    #####:   10: __assert_fail("0", "recHanoi03-1.c", 3, "reach_error"); }
        -:   11:extern int __VERIFIER_nondet_int(void);
        -:   12:
        -:   13:
        -:   14:
        -:   15:
        -:   16:
function hanoi called 32 returned 100% blocks executed 100%
       32:   17:unsigned hanoi(int n) {
       32:   18:    if (n == 1) {
branch  0 taken 1 (fallthrough)
branch  1 taken 31
        1:   19:goto Goal_1;
        1:   20:Goal_1:;
        -:   21:
        1:   22:  return 1;
        -:   23: }
        -:   24:  else { 
       31:   25:goto Goal_2;
       31:   26:Goal_2:;
       31:   27:}return 2 * (hanoi(n-1)) + 1;
call    0 returned 31
        -:   28:}
        -:   29:
        -:   30:
function main called 1 returned 0% blocks executed 56%
        1:   31:int main() {
        1:   32:    int n = __VERIFIER_nondet_int();
call    0 returned 1
        1:   33:    if (n < 1) {
branch  0 taken 0 (fallthrough)
branch  1 taken 1
    #####:   34:goto Goal_3;
    #####:   35:Goal_3:;
        -:   36:
    #####:   37:     return 0;
        -:   38:    }
        -:   39:     else { 
        1:   40:goto Goal_4;
        1:   41:Goal_4:;
        1:   42:}unsigned result = hanoi(n);
call    0 returned 1
        -:   43:
       1*:   44:    if (result+1>0 && result+1 == 1<<n) {
branch  0 taken 0 (fallthrough)
branch  1 taken 1
branch  2 never executed
branch  3 never executed
    #####:   45:goto Goal_5;
    #####:   46:Goal_5:;
        -:   47:
    #####:   48:        return 0;
        -:   49:    } else {
        1:   50:goto Goal_6;
        1:   51:Goal_6:;
        -:   52:
        1:   53:        ERROR: {reach_error();{
call    0 returned 0
        -:   54:#ifdef GCOV
    #####:   55:__gcov_dump();
call    0 never executed
        -:   56:#endif
    #####:   57:abort();
call    0 never executed
        -:   58:}}
        -:   59:    }
        -:   60:}
